Using pre-set license
Built from '2021.3/staging' branch; Version is '2021.3.18f1 (3129e69bc0c7) revision 3221990'; Using compiler version '192829333'; Build Type 'Release'
OS: 'Windows 11  (10.0.22631) 64bit Core' Language: 'en' Physical Memory: 16088 MB
BatchMode: 1, IsHumanControllingUs: 0, StartBugReporterOnCrash: 0, Is64bit: 1, IsPro: 1

COMMAND LINE ARGUMENTS:
C:\Program Files\Unity\Hub\Editor\2021.3.18f1\Editor\Unity.exe
-adb2
-batchMode
-noUpm
-name
AssetImportWorker2
-projectPath
C:/Users/demon/Desktop/Repeat Project/repeat_project_p2/repeat-project-p2
-logFile
Logs/AssetImportWorker2.log
-srvPort
50235
Successfully changed project path to: C:/Users/demon/Desktop/Repeat Project/repeat_project_p2/repeat-project-p2
C:/Users/demon/Desktop/Repeat Project/repeat_project_p2/repeat-project-p2
[UnityMemory] Configuration Parameters - Can be set up in boot.config
    "memorysetup-bucket-allocator-granularity=16"
    "memorysetup-bucket-allocator-bucket-count=8"
    "memorysetup-bucket-allocator-block-size=33554432"
    "memorysetup-bucket-allocator-block-count=8"
    "memorysetup-main-allocator-block-size=16777216"
    "memorysetup-thread-allocator-block-size=16777216"
    "memorysetup-gfx-main-allocator-block-size=16777216"
    "memorysetup-gfx-thread-allocator-block-size=16777216"
    "memorysetup-cache-allocator-block-size=4194304"
    "memorysetup-typetree-allocator-block-size=2097152"
    "memorysetup-profiler-bucket-allocator-granularity=16"
    "memorysetup-profiler-bucket-allocator-bucket-count=8"
    "memorysetup-profiler-bucket-allocator-block-size=33554432"
    "memorysetup-profiler-bucket-allocator-block-count=8"
    "memorysetup-profiler-allocator-block-size=16777216"
    "memorysetup-profiler-editor-allocator-block-size=1048576"
    "memorysetup-temp-allocator-size-main=16777216"
    "memorysetup-job-temp-allocator-block-size=2097152"
    "memorysetup-job-temp-allocator-block-size-background=1048576"
    "memorysetup-job-temp-allocator-reduction-small-platforms=262144"
    "memorysetup-temp-allocator-size-background-worker=32768"
    "memorysetup-temp-allocator-size-job-worker=262144"
    "memorysetup-temp-allocator-size-preload-manager=33554432"
    "memorysetup-temp-allocator-size-nav-mesh-worker=65536"
    "memorysetup-temp-allocator-size-audio-worker=65536"
    "memorysetup-temp-allocator-size-cloud-worker=32768"
    "memorysetup-temp-allocator-size-gi-baking-worker=262144"
    "memorysetup-temp-allocator-size-gfx=262144"
Player connection [22392] Host "[IP] 192.168.0.16 [Port] 0 [Flags] 2 [Guid] 4050236976 [EditorId] 4050236976 [Version] 1048832 [Id] WindowsEditor(7,MSI) [Debug] 1 [PackageName] WindowsEditor [ProjectName] Editor" joined multi-casting on [225.0.0.222:54997]...

Player connection [22392] Host "[IP] 192.168.0.16 [Port] 0 [Flags] 2 [Guid] 4050236976 [EditorId] 4050236976 [Version] 1048832 [Id] WindowsEditor(7,MSI) [Debug] 1 [PackageName] WindowsEditor [ProjectName] Editor" joined alternative multi-casting on [225.0.0.222:34997]...

Refreshing native plugins compatible for Editor in 100.31 ms, found 3 plugins.
Preloading 0 native plugins for Editor in 0.00 ms.
Initialize engine version: 2021.3.18f1 (3129e69bc0c7)
[Subsystems] Discovering subsystems at path C:/Program Files/Unity/Hub/Editor/2021.3.18f1/Editor/Data/Resources/UnitySubsystems
[Subsystems] Discovering subsystems at path C:/Users/demon/Desktop/Repeat Project/repeat_project_p2/repeat-project-p2/Assets
GfxDevice: creating device client; threaded=0; jobified=0
Direct3D:
    Version:  Direct3D 11.0 [level 11.1]
    Renderer: NVIDIA GeForce RTX 3060 Laptop GPU (ID=0x2520)
    Vendor:   NVIDIA
    VRAM:     6009 MB
    Driver:   31.0.15.3623
Initialize mono
Mono path[0] = 'C:/Program Files/Unity/Hub/Editor/2021.3.18f1/Editor/Data/Managed'
Mono path[1] = 'C:/Program Files/Unity/Hub/Editor/2021.3.18f1/Editor/Data/MonoBleedingEdge/lib/mono/unityjit-win32'
Mono config path = 'C:/Program Files/Unity/Hub/Editor/2021.3.18f1/Editor/Data/MonoBleedingEdge/etc'
Using monoOptions --debugger-agent=transport=dt_socket,embedding=1,server=y,suspend=n,address=127.0.0.1:56176
Begin MonoManager ReloadAssembly
Registering precompiled unity dll's ...
Register platform support module: C:/Program Files/Unity/Hub/Editor/2021.3.18f1/Editor/Data/PlaybackEngines/WebGLSupport/UnityEditor.WebGL.Extensions.dll
Register platform support module: C:/Program Files/Unity/Hub/Editor/2021.3.18f1/Editor/Data/PlaybackEngines/WindowsStandaloneSupport/UnityEditor.WindowsStandalone.Extensions.dll
Registered in 0.009577 seconds.
Native extension for WindowsStandalone target not found
Native extension for WebGL target not found
Refreshing native plugins compatible for Editor in 126.85 ms, found 3 plugins.
Preloading 0 native plugins for Editor in 0.00 ms.
Mono: successfully reloaded assembly
- Completed reload, in  0.938 seconds
Domain Reload Profiling:
	ReloadAssembly (939ms)
		BeginReloadAssembly (101ms)
			ExecutionOrderSort (0ms)
			DisableScriptedObjects (0ms)
			BackupInstance (0ms)
			ReleaseScriptingObjects (0ms)
			CreateAndSetChildDomain (1ms)
		EndReloadAssembly (692ms)
			LoadAssemblies (98ms)
			RebuildTransferFunctionScriptingTraits (0ms)
			SetupTypeCache (138ms)
			ReleaseScriptCaches (0ms)
			RebuildScriptCaches (49ms)
			SetupLoadedEditorAssemblies (426ms)
				LogAssemblyErrors (0ms)
				InitializePlatformSupportModulesInManaged (16ms)
				SetLoadedEditorAssemblies (0ms)
				RefreshPlugins (127ms)
				BeforeProcessingInitializeOnLoad (2ms)
				ProcessInitializeOnLoadAttributes (206ms)
				ProcessInitializeOnLoadMethodAttributes (73ms)
				AfterProcessingInitializeOnLoad (0ms)
				EditorAssembliesLoaded (0ms)
			ExecutionOrderSort2 (0ms)
			AwakeInstancesAfterBackupRestoration (0ms)
Platform modules already initialized, skipping
Registering precompiled user dll's ...
Registered in 0.011720 seconds.
Begin MonoManager ReloadAssembly
Symbol file LoadedFromMemory doesn't match image C:\Users\demon\Desktop\Repeat Project\repeat_project_p2\repeat-project-p2\Library\PackageCache\com.unity.visualscripting@1.8.0\Editor\VisualScripting.Core\Dependencies\YamlDotNet\Unity.VisualScripting.YamlDotNet.dll
Symbol file LoadedFromMemory doesn't match image C:\Users\demon\Desktop\Repeat Project\repeat_project_p2\repeat-project-p2\Library\PackageCache\com.unity.visualscripting@1.8.0\Editor\VisualScripting.Core\Dependencies\DotNetZip\Unity.VisualScripting.IonicZip.dll
Native extension for WindowsStandalone target not found
Native extension for WebGL target not found
Refreshing native plugins compatible for Editor in 0.64 ms, found 3 plugins.
Preloading 0 native plugins for Editor in 0.00 ms.
Mono: successfully reloaded assembly
- Completed reload, in  1.498 seconds
Domain Reload Profiling:
	ReloadAssembly (1499ms)
		BeginReloadAssembly (149ms)
			ExecutionOrderSort (0ms)
			DisableScriptedObjects (7ms)
			BackupInstance (0ms)
			ReleaseScriptingObjects (0ms)
			CreateAndSetChildDomain (24ms)
		EndReloadAssembly (1198ms)
			LoadAssemblies (114ms)
			RebuildTransferFunctionScriptingTraits (0ms)
			SetupTypeCache (399ms)
			ReleaseScriptCaches (1ms)
			RebuildScriptCaches (72ms)
			SetupLoadedEditorAssemblies (547ms)
				LogAssemblyErrors (0ms)
				InitializePlatformSupportModulesInManaged (13ms)
				SetLoadedEditorAssemblies (1ms)
				RefreshPlugins (1ms)
				BeforeProcessingInitializeOnLoad (114ms)
				ProcessInitializeOnLoadAttributes (376ms)
				ProcessInitializeOnLoadMethodAttributes (30ms)
				AfterProcessingInitializeOnLoad (13ms)
				EditorAssembliesLoaded (0ms)
			ExecutionOrderSort2 (0ms)
			AwakeInstancesAfterBackupRestoration (11ms)
Platform modules already initialized, skipping
========================================================================
Worker process is ready to serve import requests
Launched and connected shader compiler UnityShaderCompiler.exe after 0.08 seconds
Refreshing native plugins compatible for Editor in 1.02 ms, found 3 plugins.
Preloading 0 native plugins for Editor in 0.00 ms.
Unloading 3114 Unused Serialized files (Serialized files now loaded: 0)
Unloading 25 unused Assets / (313.4 KB). Loaded Objects now: 3599.
Memory consumption went from 138.1 MB to 137.8 MB.
Total: 5.624100 ms (FindLiveObjects: 0.332200 ms CreateObjectMapping: 0.238400 ms MarkObjects: 4.642500 ms  DeleteObjects: 0.408400 ms)

AssetImportParameters requested are different than current active one (requested -> active):
  custom:video-decoder-ogg-theora: a1e56fd34408186e4bbccfd4996cb3dc -> 
  custom:container-muxer-webm: aa71ff27fc2769a1b78a27578f13a17b -> 
  custom:container-demuxer-webm: 4f35f7cbe854078d1ac9338744f61a02 -> 
  custom:video-encoder-webm-vp8: eb34c28f22e8b96e1ab97ce403110664 -> 
  custom:video-codec-MediaFoundation-h265: 746d11721c4dcdbdad8f713fa42b33f4 -> 
  custom:audio-encoder-webm-vorbis: bf7c407c2cedff20999df2af8eb42d56 -> 
  custom:framework-win-MediaFoundation: 216162199b28c13a410421893ffa2e32 -> 
  custom:container-demuxer-ogg: 62fdf1f143b41e24485cea50d1cbac27 -> 
  custom:video-decoder-webm-vp8: 9c59270c3fd7afecdb556c50c9e8de78 -> 
  custom:audio-decoder-ogg-vorbis: bf7c407c2cedff20999df2af8eb42d56 -> 
========================================================================
Received Import Request.
  Time since last request: 1915276.256807 seconds.
  path: Assets/RoadSystem/RoadArchitect/Textures/CableBarrierDiffuse.png
  artifactKey: Guid(5b675ba29e5e3c6438add34fe94a2071) Importer(815301076,1909f56bfc062723c751e8b465ee728b)
Start importing Assets/RoadSystem/RoadArchitect/Textures/CableBarrierDiffuse.png using Guid(5b675ba29e5e3c6438add34fe94a2071) Importer(815301076,1909f56bfc062723c751e8b465ee728b)  -> (artifact id: '8a6965f4eda5851d9b0752c0cd9a3973') in 0.161691 seconds 
========================================================================
Received Import Request.
  Time since last request: 0.000053 seconds.
  path: Assets/RoadSystem/RoadArchitect/Textures/TunnelNormal.png
  artifactKey: Guid(29a896b22e6af494aa6eab56f35a0081) Importer(815301076,1909f56bfc062723c751e8b465ee728b)
Start importing Assets/RoadSystem/RoadArchitect/Textures/TunnelNormal.png using Guid(29a896b22e6af494aa6eab56f35a0081) Importer(815301076,1909f56bfc062723c751e8b465ee728b)  -> (artifact id: 'b9729e8f8c357d392cb5459d102996e9') in 0.091510 seconds 
========================================================================
Received Import Request.
  Time since last request: 0.000032 seconds.
  path: Assets/RoadSystem/RoadArchitect/Textures/Concrete4Diffuse.png
  artifactKey: Guid(71c1b6c253b5bdf4fae4d4346dde9a9c) Importer(815301076,1909f56bfc062723c751e8b465ee728b)
Start importing Assets/RoadSystem/RoadArchitect/Textures/Concrete4Diffuse.png using Guid(71c1b6c253b5bdf4fae4d4346dde9a9c) Importer(815301076,1909f56bfc062723c751e8b465ee728b)  -> (artifact id: '31f1b281ced6da438a5fb93dbe5829a2') in 0.047876 seconds 
========================================================================
Received Import Request.
  Time since last request: 0.000082 seconds.
  path: Assets/RoadSystem/RoadArchitect/Textures/Galv4Normal.png
  artifactKey: Guid(6996ee9d53d1d1047a4b0220933f1ae0) Importer(815301076,1909f56bfc062723c751e8b465ee728b)
Start importing Assets/RoadSystem/RoadArchitect/Textures/Galv4Normal.png using Guid(6996ee9d53d1d1047a4b0220933f1ae0) Importer(815301076,1909f56bfc062723c751e8b465ee728b)  -> (artifact id: '192f511e80ed06333bcf214d41b68f0b') in 0.039269 seconds 
========================================================================
Received Import Request.
  Time since last request: 0.000037 seconds.
  path: Assets/RoadSystem/RoadArchitect/Textures/CobblestoneRoadNormal.png
  artifactKey: Guid(0987da75586fbce49935373875402ade) Importer(815301076,1909f56bfc062723c751e8b465ee728b)
Start importing Assets/RoadSystem/RoadArchitect/Textures/CobblestoneRoadNormal.png using Guid(0987da75586fbce49935373875402ade) Importer(815301076,1909f56bfc062723c751e8b465ee728b)  -> (artifact id: 'af84a8f6155e878f7a04fc125749a82d') in 0.049335 seconds 
========================================================================
Received Import Request.
  Time since last request: 0.000034 seconds.
  path: Assets/RoadSystem/RoadArchitect/Textures/TunnelDiffuse.png
  artifactKey: Guid(6aa87e35d052321479ba745289c7a29f) Importer(815301076,1909f56bfc062723c751e8b465ee728b)
Start importing Assets/RoadSystem/RoadArchitect/Textures/TunnelDiffuse.png using Guid(6aa87e35d052321479ba745289c7a29f) Importer(815301076,1909f56bfc062723c751e8b465ee728b)  -> (artifact id: '27713b0cd374715b2a7f713de3351b79') in 0.040499 seconds 
========================================================================
Received Import Request.
  Time since last request: 0.000029 seconds.
  path: Assets/RoadSystem/RoadArchitect/Textures/Metal1Normal.png
  artifactKey: Guid(415cbd2250a921e4ba2802776b571271) Importer(815301076,1909f56bfc062723c751e8b465ee728b)
Start importing Assets/RoadSystem/RoadArchitect/Textures/Metal1Normal.png using Guid(415cbd2250a921e4ba2802776b571271) Importer(815301076,1909f56bfc062723c751e8b465ee728b)  -> (artifact id: 'fdc20f9d2115ef93a2da13c18d3adbb0') in 0.044022 seconds 
========================================================================
Received Import Request.
  Time since last request: 0.000035 seconds.
  path: Assets/RoadSystem/RoadArchitect/Textures/Galv3Diffuse.png
  artifactKey: Guid(2a6bb1307a838ca4b8ed0c78cf2c12ba) Importer(815301076,1909f56bfc062723c751e8b465ee728b)
Start importing Assets/RoadSystem/RoadArchitect/Textures/Galv3Diffuse.png using Guid(2a6bb1307a838ca4b8ed0c78cf2c12ba) Importer(815301076,1909f56bfc062723c751e8b465ee728b)  -> (artifact id: '8f6f217856830ad2cb448dd3e4623b0a') in 0.035512 seconds 
========================================================================
Received Import Request.
  Time since last request: 0.000050 seconds.
  path: Assets/RoadSystem/RoadArchitect/Textures/Concrete9Normal.png
  artifactKey: Guid(1f2a48ccf76ddd7438aa2816e5009b62) Importer(815301076,1909f56bfc062723c751e8b465ee728b)
Start importing Assets/RoadSystem/RoadArchitect/Textures/Concrete9Normal.png using Guid(1f2a48ccf76ddd7438aa2816e5009b62) Importer(815301076,1909f56bfc062723c751e8b465ee728b)  -> (artifact id: '083def31fd2189321db9d7813a5ee426') in 0.031881 seconds 
========================================================================
Received Import Request.
  Time since last request: 0.000032 seconds.
  path: Assets/RoadSystem/RoadArchitect/Textures
  artifactKey: Guid(b50bdf08fd603ac44893486765372164) Importer(815301076,1909f56bfc062723c751e8b465ee728b)
Start importing Assets/RoadSystem/RoadArchitect/Textures using Guid(b50bdf08fd603ac44893486765372164) Importer(815301076,1909f56bfc062723c751e8b465ee728b)  -> (artifact id: '55b765676bb11fc6de55d3dbd932da1d') in 0.017591 seconds 
========================================================================
Received Import Request.
  Time since last request: 0.000040 seconds.
  path: Assets/RoadSystem/RoadArchitect/Textures/Concrete3Normal.png
  artifactKey: Guid(59526a9a5e2028243a5e6e743e30b421) Importer(815301076,1909f56bfc062723c751e8b465ee728b)
Start importing Assets/RoadSystem/RoadArchitect/Textures/Concrete3Normal.png using Guid(59526a9a5e2028243a5e6e743e30b421) Importer(815301076,1909f56bfc062723c751e8b465ee728b)  -> (artifact id: '30b2f5c6d615bacb613369eb2e80a742') in 0.030306 seconds 
========================================================================
Received Import Request.
  Time since last request: 0.000028 seconds.
  path: Assets/RoadSystem/RoadArchitect/Textures/Galv1Normal.png
  artifactKey: Guid(a0e6a4d63829b8e4ebae2de28173503e) Importer(815301076,1909f56bfc062723c751e8b465ee728b)
Start importing Assets/RoadSystem/RoadArchitect/Textures/Galv1Normal.png using Guid(a0e6a4d63829b8e4ebae2de28173503e) Importer(815301076,1909f56bfc062723c751e8b465ee728b)  -> (artifact id: '0a30c9dc542627b085c261e075da120b') in 0.030081 seconds 
========================================================================
Received Import Request.
  Time since last request: 0.000030 seconds.
  path: Assets/RoadSystem/RoadArchitect/Textures/Steel3Diffuse.png
  artifactKey: Guid(99c6a0678b5063442abb706b4df75348) Importer(815301076,1909f56bfc062723c751e8b465ee728b)
Start importing Assets/RoadSystem/RoadArchitect/Textures/Steel3Diffuse.png using Guid(99c6a0678b5063442abb706b4df75348) Importer(815301076,1909f56bfc062723c751e8b465ee728b)  -> (artifact id: '7c1bd591e1b86897d7832dbed6f720fa') in 0.030796 seconds 
========================================================================
Received Import Request.
  Time since last request: 0.000040 seconds.
  path: Assets/RoadSystem/RoadArchitect/Textures/Steel6Diffuse.png
  artifactKey: Guid(c3012309e67fe8a4e838ad421758fb46) Importer(815301076,1909f56bfc062723c751e8b465ee728b)
Start importing Assets/RoadSystem/RoadArchitect/Textures/Steel6Diffuse.png using Guid(c3012309e67fe8a4e838ad421758fb46) Importer(815301076,1909f56bfc062723c751e8b465ee728b)  -> (artifact id: 'd5bb9d1d9802ff9cfb04a97f9668dbe8') in 0.031424 seconds 
Editor requested this worker to shutdown with reason: Scaling down because of idle timeout
AssetImportWorker is now disconnected from the server
Process exiting
Exiting without the bug reporter. Application will terminate with return code 0