Using pre-set license
Built from '2021.3/staging' branch; Version is '2021.3.18f1 (3129e69bc0c7) revision 3221990'; Using compiler version '192829333'; Build Type 'Release'
OS: 'Windows 11  (10.0.22631) 64bit Core' Language: 'en' Physical Memory: 16088 MB
BatchMode: 1, IsHumanControllingUs: 0, StartBugReporterOnCrash: 0, Is64bit: 1, IsPro: 1

COMMAND LINE ARGUMENTS:
C:\Program Files\Unity\Hub\Editor\2021.3.18f1\Editor\Unity.exe
-adb2
-batchMode
-noUpm
-name
AssetImportWorker7
-projectPath
C:/Users/demon/Desktop/Repeat Project/repeat_project_p2/repeat-project-p2
-logFile
Logs/AssetImportWorker7.log
-srvPort
49396
Successfully changed project path to: C:/Users/demon/Desktop/Repeat Project/repeat_project_p2/repeat-project-p2
C:/Users/demon/Desktop/Repeat Project/repeat_project_p2/repeat-project-p2
[UnityMemory] Configuration Parameters - Can be set up in boot.config
    "memorysetup-bucket-allocator-granularity=16"
    "memorysetup-bucket-allocator-bucket-count=8"
    "memorysetup-bucket-allocator-block-size=33554432"
    "memorysetup-bucket-allocator-block-count=8"
    "memorysetup-main-allocator-block-size=16777216"
    "memorysetup-thread-allocator-block-size=16777216"
    "memorysetup-gfx-main-allocator-block-size=16777216"
    "memorysetup-gfx-thread-allocator-block-size=16777216"
    "memorysetup-cache-allocator-block-size=4194304"
    "memorysetup-typetree-allocator-block-size=2097152"
    "memorysetup-profiler-bucket-allocator-granularity=16"
    "memorysetup-profiler-bucket-allocator-bucket-count=8"
    "memorysetup-profiler-bucket-allocator-block-size=33554432"
    "memorysetup-profiler-bucket-allocator-block-count=8"
    "memorysetup-profiler-allocator-block-size=16777216"
    "memorysetup-profiler-editor-allocator-block-size=1048576"
    "memorysetup-temp-allocator-size-main=16777216"
    "memorysetup-job-temp-allocator-block-size=2097152"
    "memorysetup-job-temp-allocator-block-size-background=1048576"
    "memorysetup-job-temp-allocator-reduction-small-platforms=262144"
    "memorysetup-temp-allocator-size-background-worker=32768"
    "memorysetup-temp-allocator-size-job-worker=262144"
    "memorysetup-temp-allocator-size-preload-manager=33554432"
    "memorysetup-temp-allocator-size-nav-mesh-worker=65536"
    "memorysetup-temp-allocator-size-audio-worker=65536"
    "memorysetup-temp-allocator-size-cloud-worker=32768"
    "memorysetup-temp-allocator-size-gi-baking-worker=262144"
    "memorysetup-temp-allocator-size-gfx=262144"
Player connection [44800] Host "[IP] 192.168.0.16 [Port] 0 [Flags] 2 [Guid] 1639666214 [EditorId] 1639666214 [Version] 1048832 [Id] WindowsEditor(7,MSI) [Debug] 1 [PackageName] WindowsEditor [ProjectName] Editor" joined multi-casting on [225.0.0.222:54997]...

Player connection [44800] Host "[IP] 192.168.0.16 [Port] 0 [Flags] 2 [Guid] 1639666214 [EditorId] 1639666214 [Version] 1048832 [Id] WindowsEditor(7,MSI) [Debug] 1 [PackageName] WindowsEditor [ProjectName] Editor" joined alternative multi-casting on [225.0.0.222:34997]...

Refreshing native plugins compatible for Editor in 123.88 ms, found 3 plugins.
Preloading 0 native plugins for Editor in 0.00 ms.
Initialize engine version: 2021.3.18f1 (3129e69bc0c7)
[Subsystems] Discovering subsystems at path C:/Program Files/Unity/Hub/Editor/2021.3.18f1/Editor/Data/Resources/UnitySubsystems
[Subsystems] Discovering subsystems at path C:/Users/demon/Desktop/Repeat Project/repeat_project_p2/repeat-project-p2/Assets
GfxDevice: creating device client; threaded=0; jobified=0
Direct3D:
    Version:  Direct3D 11.0 [level 11.1]
    Renderer: NVIDIA GeForce RTX 3060 Laptop GPU (ID=0x2520)
    Vendor:   NVIDIA
    VRAM:     6009 MB
    Driver:   31.0.15.3623
Initialize mono
Mono path[0] = 'C:/Program Files/Unity/Hub/Editor/2021.3.18f1/Editor/Data/Managed'
Mono path[1] = 'C:/Program Files/Unity/Hub/Editor/2021.3.18f1/Editor/Data/MonoBleedingEdge/lib/mono/unityjit-win32'
Mono config path = 'C:/Program Files/Unity/Hub/Editor/2021.3.18f1/Editor/Data/MonoBleedingEdge/etc'
Using monoOptions --debugger-agent=transport=dt_socket,embedding=1,server=y,suspend=n,address=127.0.0.1:56648
Begin MonoManager ReloadAssembly
Registering precompiled unity dll's ...
Register platform support module: C:/Program Files/Unity/Hub/Editor/2021.3.18f1/Editor/Data/PlaybackEngines/WebGLSupport/UnityEditor.WebGL.Extensions.dll
Register platform support module: C:/Program Files/Unity/Hub/Editor/2021.3.18f1/Editor/Data/PlaybackEngines/WindowsStandaloneSupport/UnityEditor.WindowsStandalone.Extensions.dll
Registered in 0.009860 seconds.
Native extension for WindowsStandalone target not found
Native extension for WebGL target not found
Refreshing native plugins compatible for Editor in 103.98 ms, found 3 plugins.
Preloading 0 native plugins for Editor in 0.00 ms.
Mono: successfully reloaded assembly
- Completed reload, in  0.905 seconds
Domain Reload Profiling:
	ReloadAssembly (905ms)
		BeginReloadAssembly (112ms)
			ExecutionOrderSort (0ms)
			DisableScriptedObjects (0ms)
			BackupInstance (0ms)
			ReleaseScriptingObjects (0ms)
			CreateAndSetChildDomain (1ms)
		EndReloadAssembly (638ms)
			LoadAssemblies (109ms)
			RebuildTransferFunctionScriptingTraits (0ms)
			SetupTypeCache (139ms)
			ReleaseScriptCaches (0ms)
			RebuildScriptCaches (39ms)
			SetupLoadedEditorAssemblies (382ms)
				LogAssemblyErrors (0ms)
				InitializePlatformSupportModulesInManaged (13ms)
				SetLoadedEditorAssemblies (0ms)
				RefreshPlugins (104ms)
				BeforeProcessingInitializeOnLoad (2ms)
				ProcessInitializeOnLoadAttributes (203ms)
				ProcessInitializeOnLoadMethodAttributes (60ms)
				AfterProcessingInitializeOnLoad (0ms)
				EditorAssembliesLoaded (0ms)
			ExecutionOrderSort2 (0ms)
			AwakeInstancesAfterBackupRestoration (0ms)
Platform modules already initialized, skipping
Registering precompiled user dll's ...
Registered in 0.008820 seconds.
Begin MonoManager ReloadAssembly
Symbol file LoadedFromMemory doesn't match image C:\Users\demon\Desktop\Repeat Project\repeat_project_p2\repeat-project-p2\Library\PackageCache\com.unity.visualscripting@1.8.0\Editor\VisualScripting.Core\Dependencies\YamlDotNet\Unity.VisualScripting.YamlDotNet.dll
Symbol file LoadedFromMemory doesn't match image C:\Users\demon\Desktop\Repeat Project\repeat_project_p2\repeat-project-p2\Library\PackageCache\com.unity.visualscripting@1.8.0\Editor\VisualScripting.Core\Dependencies\DotNetZip\Unity.VisualScripting.IonicZip.dll
Native extension for WindowsStandalone target not found
Native extension for WebGL target not found
Refreshing native plugins compatible for Editor in 0.60 ms, found 3 plugins.
Preloading 0 native plugins for Editor in 0.00 ms.
Mono: successfully reloaded assembly
- Completed reload, in  1.293 seconds
Domain Reload Profiling:
	ReloadAssembly (1294ms)
		BeginReloadAssembly (151ms)
			ExecutionOrderSort (0ms)
			DisableScriptedObjects (7ms)
			BackupInstance (0ms)
			ReleaseScriptingObjects (0ms)
			CreateAndSetChildDomain (30ms)
		EndReloadAssembly (976ms)
			LoadAssemblies (149ms)
			RebuildTransferFunctionScriptingTraits (0ms)
			SetupTypeCache (303ms)
			ReleaseScriptCaches (1ms)
			RebuildScriptCaches (60ms)
			SetupLoadedEditorAssemblies (425ms)
				LogAssemblyErrors (0ms)
				InitializePlatformSupportModulesInManaged (9ms)
				SetLoadedEditorAssemblies (1ms)
				RefreshPlugins (1ms)
				BeforeProcessingInitializeOnLoad (91ms)
				ProcessInitializeOnLoadAttributes (294ms)
				ProcessInitializeOnLoadMethodAttributes (21ms)
				AfterProcessingInitializeOnLoad (9ms)
				EditorAssembliesLoaded (0ms)
			ExecutionOrderSort2 (0ms)
			AwakeInstancesAfterBackupRestoration (7ms)
Platform modules already initialized, skipping
========================================================================
Worker process is ready to serve import requests
Launched and connected shader compiler UnityShaderCompiler.exe after 0.07 seconds
Refreshing native plugins compatible for Editor in 1.17 ms, found 3 plugins.
Preloading 0 native plugins for Editor in 0.00 ms.
Unloading 3114 Unused Serialized files (Serialized files now loaded: 0)
Unloading 25 unused Assets / (313.1 KB). Loaded Objects now: 3596.
Memory consumption went from 137.2 MB to 136.9 MB.
Total: 5.768300 ms (FindLiveObjects: 0.370100 ms CreateObjectMapping: 0.214400 ms MarkObjects: 4.811700 ms  DeleteObjects: 0.369900 ms)

AssetImportParameters requested are different than current active one (requested -> active):
  custom:video-decoder-ogg-theora: a1e56fd34408186e4bbccfd4996cb3dc -> 
  custom:container-muxer-webm: aa71ff27fc2769a1b78a27578f13a17b -> 
  custom:container-demuxer-webm: 4f35f7cbe854078d1ac9338744f61a02 -> 
  custom:video-encoder-webm-vp8: eb34c28f22e8b96e1ab97ce403110664 -> 
  custom:video-codec-MediaFoundation-h265: 746d11721c4dcdbdad8f713fa42b33f4 -> 
  custom:audio-encoder-webm-vorbis: bf7c407c2cedff20999df2af8eb42d56 -> 
  custom:framework-win-MediaFoundation: 216162199b28c13a410421893ffa2e32 -> 
  custom:container-demuxer-ogg: 62fdf1f143b41e24485cea50d1cbac27 -> 
  custom:video-decoder-webm-vp8: 9c59270c3fd7afecdb556c50c9e8de78 -> 
  custom:audio-decoder-ogg-vorbis: bf7c407c2cedff20999df2af8eb42d56 -> 
========================================================================
Received Import Request.
  Time since last request: 1910527.296497 seconds.
  path: Assets/RoadSystem/RoadArchitect/Materials/FedSigns/396/KeepRightExceptToPass.mat
  artifactKey: Guid(4b11c1e8e8fb8d54280aa6d56ac8a559) Importer(815301076,1909f56bfc062723c751e8b465ee728b)
Start importing Assets/RoadSystem/RoadArchitect/Materials/FedSigns/396/KeepRightExceptToPass.mat using Guid(4b11c1e8e8fb8d54280aa6d56ac8a559) Importer(815301076,1909f56bfc062723c751e8b465ee728b)  -> (artifact id: 'bec5d5179f9c6c2e87451480c16785fd') in 0.144053 seconds 
========================================================================
Received Import Request.
  Time since last request: 0.143675 seconds.
  path: Assets/RoadSystem/RoadArchitect/Materials/FedSigns/396/LightsOnWhenRaining.mat
  artifactKey: Guid(89879be97cdb3014b9ae261e20f9f9c2) Importer(815301076,1909f56bfc062723c751e8b465ee728b)
Start importing Assets/RoadSystem/RoadArchitect/Materials/FedSigns/396/LightsOnWhenRaining.mat using Guid(89879be97cdb3014b9ae261e20f9f9c2) Importer(815301076,1909f56bfc062723c751e8b465ee728b)  -> (artifact id: '4aa11c111d2b3053b75fed2b0f63d343') in 0.039359 seconds 
========================================================================
Received Import Request.
  Time since last request: 0.900105 seconds.
  path: Assets/RoadSystem/RoadArchitect/Materials/FedSigns/Diamond/General/LowFlyingAircraft2.mat
  artifactKey: Guid(8226afefc0876fe43a9a1ab0f81bae52) Importer(815301076,1909f56bfc062723c751e8b465ee728b)
Start importing Assets/RoadSystem/RoadArchitect/Materials/FedSigns/Diamond/General/LowFlyingAircraft2.mat using Guid(8226afefc0876fe43a9a1ab0f81bae52) Importer(815301076,1909f56bfc062723c751e8b465ee728b)  -> (artifact id: '37554b5e0b8c2235f1e93ce1e989f82a') in 0.050468 seconds 
========================================================================
Received Import Request.
  Time since last request: 1.389540 seconds.
  path: Assets/RoadSystem/RoadArchitect/Materials/FedSigns/396/MedianAlertRight.mat
  artifactKey: Guid(9c500a7ce9c32364bb0b9d5de19c5651) Importer(815301076,1909f56bfc062723c751e8b465ee728b)
Start importing Assets/RoadSystem/RoadArchitect/Materials/FedSigns/396/MedianAlertRight.mat using Guid(9c500a7ce9c32364bb0b9d5de19c5651) Importer(815301076,1909f56bfc062723c751e8b465ee728b)  -> (artifact id: '9f79ce932961b2191f1253a8594b0f28') in 0.051624 seconds 
========================================================================
Received Import Request.
  Time since last request: 4.300040 seconds.
  path: Assets/RoadSystem/RoadArchitect/Materials/FedSigns/Square/NoTrucks.mat
  artifactKey: Guid(7e0a3fe2af24c274c9308e6c6a576492) Importer(815301076,1909f56bfc062723c751e8b465ee728b)
Start importing Assets/RoadSystem/RoadArchitect/Materials/FedSigns/Square/NoTrucks.mat using Guid(7e0a3fe2af24c274c9308e6c6a576492) Importer(815301076,1909f56bfc062723c751e8b465ee728b)  -> (artifact id: '548ff4ba8d2e796f87d9e587d5205418') in 0.047764 seconds 
========================================================================
Received Import Request.
  Time since last request: 0.308041 seconds.
  path: Assets/RoadSystem/RoadArchitect/Materials/FedSigns/Square/NoUTurn.mat
  artifactKey: Guid(d394bd3988e453244b1b165d848a7b91) Importer(815301076,1909f56bfc062723c751e8b465ee728b)
Start importing Assets/RoadSystem/RoadArchitect/Materials/FedSigns/Square/NoUTurn.mat using Guid(d394bd3988e453244b1b165d848a7b91) Importer(815301076,1909f56bfc062723c751e8b465ee728b)  -> (artifact id: '225ce5f27682de2f381e059133c7da79') in 0.051458 seconds 
========================================================================
Received Import Request.
  Time since last request: 0.242852 seconds.
  path: Assets/RoadSystem/RoadArchitect/Materials/FedSigns/617/NY252A.mat
  artifactKey: Guid(af4623f72fcd4c641860a2f362b9dbe5) Importer(815301076,1909f56bfc062723c751e8b465ee728b)
Start importing Assets/RoadSystem/RoadArchitect/Materials/FedSigns/617/NY252A.mat using Guid(af4623f72fcd4c641860a2f362b9dbe5) Importer(815301076,1909f56bfc062723c751e8b465ee728b)  -> (artifact id: '039ee4d5eaf0824c1956157c5b1bdc29') in 0.042052 seconds 
========================================================================
Received Import Request.
  Time since last request: 0.319228 seconds.
  path: Assets/RoadSystem/RoadArchitect/Materials/FedSigns/Square/OKH5A.mat
  artifactKey: Guid(6fdb17c32261e7c41af6c981a98e15ca) Importer(815301076,1909f56bfc062723c751e8b465ee728b)
Start importing Assets/RoadSystem/RoadArchitect/Materials/FedSigns/Square/OKH5A.mat using Guid(6fdb17c32261e7c41af6c981a98e15ca) Importer(815301076,1909f56bfc062723c751e8b465ee728b)  -> (artifact id: '20124858597c4667710941733dc06c98') in 0.054666 seconds 
========================================================================
Received Import Request.
  Time since last request: 0.329473 seconds.
  path: Assets/RoadSystem/RoadArchitect/Materials/FedSigns/Square/PA63.mat
  artifactKey: Guid(b482216210dce8043af61a5d9bb0fbe9) Importer(815301076,1909f56bfc062723c751e8b465ee728b)
Start importing Assets/RoadSystem/RoadArchitect/Materials/FedSigns/Square/PA63.mat using Guid(b482216210dce8043af61a5d9bb0fbe9) Importer(815301076,1909f56bfc062723c751e8b465ee728b)  -> (artifact id: 'ae828971c9fbb79a1f0d9a35543bfee9') in 0.049935 seconds 
========================================================================
Received Import Request.
  Time since last request: 0.326731 seconds.
  path: Assets/RoadSystem/RoadArchitect/Materials/FedSigns/330/PhotoEnforcedStopLight.mat
  artifactKey: Guid(cfab52ae72f86744a81f2f90eeeabcf6) Importer(815301076,1909f56bfc062723c751e8b465ee728b)
Start importing Assets/RoadSystem/RoadArchitect/Materials/FedSigns/330/PhotoEnforcedStopLight.mat using Guid(cfab52ae72f86744a81f2f90eeeabcf6) Importer(815301076,1909f56bfc062723c751e8b465ee728b)  -> (artifact id: '710577062c5b1f87caad8b0ddb4aba5a') in 0.053482 seconds 
========================================================================
Received Import Request.
  Time since last request: 0.625541 seconds.
  path: Assets/RoadSystem/RoadArchitect/Materials/FedSigns/Diamond/Animals/Ram.mat
  artifactKey: Guid(6064bd2805f21c34cae317584d5f638c) Importer(815301076,1909f56bfc062723c751e8b465ee728b)
Start importing Assets/RoadSystem/RoadArchitect/Materials/FedSigns/Diamond/Animals/Ram.mat using Guid(6064bd2805f21c34cae317584d5f638c) Importer(815301076,1909f56bfc062723c751e8b465ee728b)  -> (artifact id: '48775914f079cc59d98144cf5f33f6eb') in 0.053384 seconds 
========================================================================
Received Import Request.
  Time since last request: 0.390476 seconds.
  path: Assets/RoadSystem/RoadArchitect/Materials/FedSigns/Diamond/General/RightTurn270.mat
  artifactKey: Guid(2c72e40f3315a7946aa317a46220a2eb) Importer(815301076,1909f56bfc062723c751e8b465ee728b)
Start importing Assets/RoadSystem/RoadArchitect/Materials/FedSigns/Diamond/General/RightTurn270.mat using Guid(2c72e40f3315a7946aa317a46220a2eb) Importer(815301076,1909f56bfc062723c751e8b465ee728b)  -> (artifact id: 'ffebf819013e0df3fe9d8d0d37a634ad') in 0.045068 seconds 
========================================================================
Received Import Request.
  Time since last request: 1.397236 seconds.
  path: Assets/RoadSystem/RoadArchitect/Materials/FedSigns/Diamond/General/RoadMerge3.mat
  artifactKey: Guid(393aca8b9dbeec34ca151953a41b588a) Importer(815301076,1909f56bfc062723c751e8b465ee728b)
Start importing Assets/RoadSystem/RoadArchitect/Materials/FedSigns/Diamond/General/RoadMerge3.mat using Guid(393aca8b9dbeec34ca151953a41b588a) Importer(815301076,1909f56bfc062723c751e8b465ee728b)  -> (artifact id: '2596642a4c9760aecd5d29ef6d08ec70') in 0.049578 seconds 
========================================================================
Received Import Request.
  Time since last request: 0.417556 seconds.
  path: Assets/RoadSystem/RoadArchitect/Materials/FedSigns/Diamond/Construction/RoadMovement2Left.mat
  artifactKey: Guid(705cabaab88963e48aaccd82b13b6a00) Importer(815301076,1909f56bfc062723c751e8b465ee728b)
Start importing Assets/RoadSystem/RoadArchitect/Materials/FedSigns/Diamond/Construction/RoadMovement2Left.mat using Guid(705cabaab88963e48aaccd82b13b6a00) Importer(815301076,1909f56bfc062723c751e8b465ee728b)  -> (artifact id: '097fe5516f4e5ac82522be50d9a14f59') in 0.049221 seconds 
========================================================================
Received Import Request.
  Time since last request: 4.198536 seconds.
  path: Assets/RoadSystem/RoadArchitect/Materials/FedSigns/330/Speed80kmh.mat
  artifactKey: Guid(1f9a4da6bb6bec141a6ddd2f49af2e19) Importer(815301076,1909f56bfc062723c751e8b465ee728b)
Start importing Assets/RoadSystem/RoadArchitect/Materials/FedSigns/330/Speed80kmh.mat using Guid(1f9a4da6bb6bec141a6ddd2f49af2e19) Importer(815301076,1909f56bfc062723c751e8b465ee728b)  -> (artifact id: 'f9cbfb2af9e1b2fe95a3814e4254483d') in 0.037818 seconds 
========================================================================
Received Import Request.
  Time since last request: 1.194134 seconds.
  path: Assets/RoadSystem/RoadArchitect/Materials/FedSigns/Diamond/General/TankCrossing.mat
  artifactKey: Guid(e165b855a691e764aa5ec0fe24541e6a) Importer(815301076,1909f56bfc062723c751e8b465ee728b)
Start importing Assets/RoadSystem/RoadArchitect/Materials/FedSigns/Diamond/General/TankCrossing.mat using Guid(e165b855a691e764aa5ec0fe24541e6a) Importer(815301076,1909f56bfc062723c751e8b465ee728b)  -> (artifact id: 'fcb7fecb9d13de16a8b0e2920af80e77') in 0.056322 seconds 
========================================================================
Received Import Request.
  Time since last request: 1.762368 seconds.
  path: Assets/RoadSystem/RoadArchitect/Materials/FedSigns/396/TrucksKeepRight.mat
  artifactKey: Guid(7bb51f6ace726f44d97c29fc18b61970) Importer(815301076,1909f56bfc062723c751e8b465ee728b)
Start importing Assets/RoadSystem/RoadArchitect/Materials/FedSigns/396/TrucksKeepRight.mat using Guid(7bb51f6ace726f44d97c29fc18b61970) Importer(815301076,1909f56bfc062723c751e8b465ee728b)  -> (artifact id: '5280b75a469f0f23042a782ec67ead95') in 0.049793 seconds 
========================================================================
Received Import Request.
  Time since last request: 0.311665 seconds.
  path: Assets/RoadSystem/RoadArchitect/Materials/FedSigns/330/TruckWeightLimit.mat
  artifactKey: Guid(e1bbd9a664ecdb444826b100286616b8) Importer(815301076,1909f56bfc062723c751e8b465ee728b)
Start importing Assets/RoadSystem/RoadArchitect/Materials/FedSigns/330/TruckWeightLimit.mat using Guid(e1bbd9a664ecdb444826b100286616b8) Importer(815301076,1909f56bfc062723c751e8b465ee728b)  -> (artifact id: '1f71ce002f4a18735b05e83cab2c65f1') in 0.046935 seconds 
========================================================================
Received Import Request.
  Time since last request: 0.594325 seconds.
  path: Assets/RoadSystem/RoadArchitect/Materials/FedSigns/Diamond/General/TurnRight90.mat
  artifactKey: Guid(07562e306566a424990eee43774f6882) Importer(815301076,1909f56bfc062723c751e8b465ee728b)
Start importing Assets/RoadSystem/RoadArchitect/Materials/FedSigns/Diamond/General/TurnRight90.mat using Guid(07562e306566a424990eee43774f6882) Importer(815301076,1909f56bfc062723c751e8b465ee728b)  -> (artifact id: '03fcaf78a2fe2c09d1ee7d756bd5cb67') in 0.061025 seconds 
========================================================================
Received Import Request.
  Time since last request: 0.314327 seconds.
  path: Assets/RoadSystem/RoadArchitect/Materials/FedSigns/396/WalkOnLeftFacingTraffic.mat
  artifactKey: Guid(e12b163ecb85b60409d2743f652d2a6e) Importer(815301076,1909f56bfc062723c751e8b465ee728b)
Start importing Assets/RoadSystem/RoadArchitect/Materials/FedSigns/396/WalkOnLeftFacingTraffic.mat using Guid(e12b163ecb85b60409d2743f652d2a6e) Importer(815301076,1909f56bfc062723c751e8b465ee728b)  -> (artifact id: '7dcd10419a32d172dca679c138b3a741') in 0.066305 seconds 
========================================================================
Received Import Request.
  Time since last request: 0.392314 seconds.
  path: Assets/RoadSystem/RoadArchitect/Materials/FedSigns/Diamond/General/WaterOnRoad.mat
  artifactKey: Guid(7b648174e33e87f47b3b175d7d357ab4) Importer(815301076,1909f56bfc062723c751e8b465ee728b)
Start importing Assets/RoadSystem/RoadArchitect/Materials/FedSigns/Diamond/General/WaterOnRoad.mat using Guid(7b648174e33e87f47b3b175d7d357ab4) Importer(815301076,1909f56bfc062723c751e8b465ee728b)  -> (artifact id: 'a66017ffc3fbc8045e33826c3249c3c9') in 0.048755 seconds 
Editor requested this worker to shutdown with reason: Scaling down because of idle timeout
AssetImportWorker is now disconnected from the server
Process exiting
Exiting without the bug reporter. Application will terminate with return code 0