Using pre-set license
Built from '2021.3/staging' branch; Version is '2021.3.18f1 (3129e69bc0c7) revision 3221990'; Using compiler version '192829333'; Build Type 'Release'
OS: 'Windows 11  (10.0.22631) 64bit Core' Language: 'en' Physical Memory: 16088 MB
BatchMode: 1, IsHumanControllingUs: 0, StartBugReporterOnCrash: 0, Is64bit: 1, IsPro: 1

COMMAND LINE ARGUMENTS:
C:\Program Files\Unity\Hub\Editor\2021.3.18f1\Editor\Unity.exe
-adb2
-batchMode
-noUpm
-name
AssetImportWorker1
-projectPath
C:/Users/demon/Desktop/Repeat Project/repeat_project_p2/repeat-project-p2
-logFile
Logs/AssetImportWorker1.log
-srvPort
49396
Successfully changed project path to: C:/Users/demon/Desktop/Repeat Project/repeat_project_p2/repeat-project-p2
C:/Users/demon/Desktop/Repeat Project/repeat_project_p2/repeat-project-p2
[UnityMemory] Configuration Parameters - Can be set up in boot.config
    "memorysetup-bucket-allocator-granularity=16"
    "memorysetup-bucket-allocator-bucket-count=8"
    "memorysetup-bucket-allocator-block-size=33554432"
    "memorysetup-bucket-allocator-block-count=8"
    "memorysetup-main-allocator-block-size=16777216"
    "memorysetup-thread-allocator-block-size=16777216"
    "memorysetup-gfx-main-allocator-block-size=16777216"
    "memorysetup-gfx-thread-allocator-block-size=16777216"
    "memorysetup-cache-allocator-block-size=4194304"
    "memorysetup-typetree-allocator-block-size=2097152"
    "memorysetup-profiler-bucket-allocator-granularity=16"
    "memorysetup-profiler-bucket-allocator-bucket-count=8"
    "memorysetup-profiler-bucket-allocator-block-size=33554432"
    "memorysetup-profiler-bucket-allocator-block-count=8"
    "memorysetup-profiler-allocator-block-size=16777216"
    "memorysetup-profiler-editor-allocator-block-size=1048576"
    "memorysetup-temp-allocator-size-main=16777216"
    "memorysetup-job-temp-allocator-block-size=2097152"
    "memorysetup-job-temp-allocator-block-size-background=1048576"
    "memorysetup-job-temp-allocator-reduction-small-platforms=262144"
    "memorysetup-temp-allocator-size-background-worker=32768"
    "memorysetup-temp-allocator-size-job-worker=262144"
    "memorysetup-temp-allocator-size-preload-manager=33554432"
    "memorysetup-temp-allocator-size-nav-mesh-worker=65536"
    "memorysetup-temp-allocator-size-audio-worker=65536"
    "memorysetup-temp-allocator-size-cloud-worker=32768"
    "memorysetup-temp-allocator-size-gi-baking-worker=262144"
    "memorysetup-temp-allocator-size-gfx=262144"
Player connection [15752] Host "[IP] 192.168.0.16 [Port] 0 [Flags] 2 [Guid] 3623121082 [EditorId] 3623121082 [Version] 1048832 [Id] WindowsEditor(7,MSI) [Debug] 1 [PackageName] WindowsEditor [ProjectName] Editor" joined multi-casting on [225.0.0.222:54997]...

Player connection [15752] Host "[IP] 192.168.0.16 [Port] 0 [Flags] 2 [Guid] 3623121082 [EditorId] 3623121082 [Version] 1048832 [Id] WindowsEditor(7,MSI) [Debug] 1 [PackageName] WindowsEditor [ProjectName] Editor" joined alternative multi-casting on [225.0.0.222:34997]...

Refreshing native plugins compatible for Editor in 160.52 ms, found 3 plugins.
Preloading 0 native plugins for Editor in 0.00 ms.
Initialize engine version: 2021.3.18f1 (3129e69bc0c7)
[Subsystems] Discovering subsystems at path C:/Program Files/Unity/Hub/Editor/2021.3.18f1/Editor/Data/Resources/UnitySubsystems
[Subsystems] Discovering subsystems at path C:/Users/demon/Desktop/Repeat Project/repeat_project_p2/repeat-project-p2/Assets
GfxDevice: creating device client; threaded=0; jobified=0
Direct3D:
    Version:  Direct3D 11.0 [level 11.1]
    Renderer: NVIDIA GeForce RTX 3060 Laptop GPU (ID=0x2520)
    Vendor:   NVIDIA
    VRAM:     6009 MB
    Driver:   31.0.15.3623
Initialize mono
Mono path[0] = 'C:/Program Files/Unity/Hub/Editor/2021.3.18f1/Editor/Data/Managed'
Mono path[1] = 'C:/Program Files/Unity/Hub/Editor/2021.3.18f1/Editor/Data/MonoBleedingEdge/lib/mono/unityjit-win32'
Mono config path = 'C:/Program Files/Unity/Hub/Editor/2021.3.18f1/Editor/Data/MonoBleedingEdge/etc'
Using monoOptions --debugger-agent=transport=dt_socket,embedding=1,server=y,suspend=n,address=127.0.0.1:56936
Begin MonoManager ReloadAssembly
Registering precompiled unity dll's ...
Register platform support module: C:/Program Files/Unity/Hub/Editor/2021.3.18f1/Editor/Data/PlaybackEngines/WebGLSupport/UnityEditor.WebGL.Extensions.dll
Register platform support module: C:/Program Files/Unity/Hub/Editor/2021.3.18f1/Editor/Data/PlaybackEngines/WindowsStandaloneSupport/UnityEditor.WindowsStandalone.Extensions.dll
Registered in 0.008112 seconds.
Native extension for WindowsStandalone target not found
Native extension for WebGL target not found
Refreshing native plugins compatible for Editor in 100.07 ms, found 3 plugins.
Preloading 0 native plugins for Editor in 0.00 ms.
Mono: successfully reloaded assembly
- Completed reload, in  1.026 seconds
Domain Reload Profiling:
	ReloadAssembly (1027ms)
		BeginReloadAssembly (143ms)
			ExecutionOrderSort (0ms)
			DisableScriptedObjects (0ms)
			BackupInstance (0ms)
			ReleaseScriptingObjects (0ms)
			CreateAndSetChildDomain (1ms)
		EndReloadAssembly (706ms)
			LoadAssemblies (141ms)
			RebuildTransferFunctionScriptingTraits (0ms)
			SetupTypeCache (165ms)
			ReleaseScriptCaches (0ms)
			RebuildScriptCaches (45ms)
			SetupLoadedEditorAssemblies (409ms)
				LogAssemblyErrors (0ms)
				InitializePlatformSupportModulesInManaged (14ms)
				SetLoadedEditorAssemblies (0ms)
				RefreshPlugins (100ms)
				BeforeProcessingInitializeOnLoad (2ms)
				ProcessInitializeOnLoadAttributes (228ms)
				ProcessInitializeOnLoadMethodAttributes (64ms)
				AfterProcessingInitializeOnLoad (0ms)
				EditorAssembliesLoaded (0ms)
			ExecutionOrderSort2 (0ms)
			AwakeInstancesAfterBackupRestoration (0ms)
Platform modules already initialized, skipping
Registering precompiled user dll's ...
Registered in 0.006912 seconds.
Begin MonoManager ReloadAssembly
Symbol file LoadedFromMemory doesn't match image C:\Users\demon\Desktop\Repeat Project\repeat_project_p2\repeat-project-p2\Library\PackageCache\com.unity.visualscripting@1.8.0\Editor\VisualScripting.Core\Dependencies\YamlDotNet\Unity.VisualScripting.YamlDotNet.dll
Symbol file LoadedFromMemory doesn't match image C:\Users\demon\Desktop\Repeat Project\repeat_project_p2\repeat-project-p2\Library\PackageCache\com.unity.visualscripting@1.8.0\Editor\VisualScripting.Core\Dependencies\DotNetZip\Unity.VisualScripting.IonicZip.dll
Native extension for WindowsStandalone target not found
Native extension for WebGL target not found
Refreshing native plugins compatible for Editor in 0.64 ms, found 3 plugins.
Preloading 0 native plugins for Editor in 0.00 ms.
Mono: successfully reloaded assembly
- Completed reload, in  1.215 seconds
Domain Reload Profiling:
	ReloadAssembly (1216ms)
		BeginReloadAssembly (120ms)
			ExecutionOrderSort (0ms)
			DisableScriptedObjects (7ms)
			BackupInstance (0ms)
			ReleaseScriptingObjects (0ms)
			CreateAndSetChildDomain (19ms)
		EndReloadAssembly (961ms)
			LoadAssemblies (90ms)
			RebuildTransferFunctionScriptingTraits (0ms)
			SetupTypeCache (299ms)
			ReleaseScriptCaches (1ms)
			RebuildScriptCaches (67ms)
			SetupLoadedEditorAssemblies (443ms)
				LogAssemblyErrors (0ms)
				InitializePlatformSupportModulesInManaged (10ms)
				SetLoadedEditorAssemblies (1ms)
				RefreshPlugins (1ms)
				BeforeProcessingInitializeOnLoad (98ms)
				ProcessInitializeOnLoadAttributes (300ms)
				ProcessInitializeOnLoadMethodAttributes (24ms)
				AfterProcessingInitializeOnLoad (9ms)
				EditorAssembliesLoaded (0ms)
			ExecutionOrderSort2 (0ms)
			AwakeInstancesAfterBackupRestoration (7ms)
Platform modules already initialized, skipping
========================================================================
Worker process is ready to serve import requests
Launched and connected shader compiler UnityShaderCompiler.exe after 0.07 seconds
Refreshing native plugins compatible for Editor in 0.75 ms, found 3 plugins.
Preloading 0 native plugins for Editor in 0.00 ms.
Unloading 3114 Unused Serialized files (Serialized files now loaded: 0)
Unloading 25 unused Assets / (312.6 KB). Loaded Objects now: 3589.
Memory consumption went from 129.6 MB to 129.3 MB.
Total: 3.063200 ms (FindLiveObjects: 0.202900 ms CreateObjectMapping: 0.090400 ms MarkObjects: 2.560600 ms  DeleteObjects: 0.207800 ms)

AssetImportParameters requested are different than current active one (requested -> active):
  custom:video-decoder-ogg-theora: a1e56fd34408186e4bbccfd4996cb3dc -> 
  custom:container-muxer-webm: aa71ff27fc2769a1b78a27578f13a17b -> 
  custom:container-demuxer-webm: 4f35f7cbe854078d1ac9338744f61a02 -> 
  custom:video-encoder-webm-vp8: eb34c28f22e8b96e1ab97ce403110664 -> 
  custom:video-codec-MediaFoundation-h265: 746d11721c4dcdbdad8f713fa42b33f4 -> 
  custom:audio-encoder-webm-vorbis: bf7c407c2cedff20999df2af8eb42d56 -> 
  custom:framework-win-MediaFoundation: 216162199b28c13a410421893ffa2e32 -> 
  custom:container-demuxer-ogg: 62fdf1f143b41e24485cea50d1cbac27 -> 
  custom:video-decoder-webm-vp8: 9c59270c3fd7afecdb556c50c9e8de78 -> 
  custom:audio-decoder-ogg-vorbis: bf7c407c2cedff20999df2af8eb42d56 -> 
========================================================================
Received Import Request.
  Time since last request: 1909959.161052 seconds.
  path: Assets/RoadSystem/RoadArchitect/Materials/FedSigns/396/OncomingTrafficHasExtendedGreen.mat
  artifactKey: Guid(3fdda2880cbf2e841960bfa1bf361a35) Importer(815301076,1909f56bfc062723c751e8b465ee728b)
Start importing Assets/RoadSystem/RoadArchitect/Materials/FedSigns/396/OncomingTrafficHasExtendedGreen.mat using Guid(3fdda2880cbf2e841960bfa1bf361a35) Importer(815301076,1909f56bfc062723c751e8b465ee728b)  -> (artifact id: 'e4c305799d2bc270f498c6d302f3ae9a') in 0.348916 seconds 
========================================================================
Received Import Request.
  Time since last request: 0.000030 seconds.
  path: Assets/RoadSystem/RoadArchitect/Materials/Signs/SignYieldOnGreen.mat
  artifactKey: Guid(188edfc29244a1646ae21aa143d77f96) Importer(815301076,1909f56bfc062723c751e8b465ee728b)
Start importing Assets/RoadSystem/RoadArchitect/Materials/Signs/SignYieldOnGreen.mat using Guid(188edfc29244a1646ae21aa143d77f96) Importer(815301076,1909f56bfc062723c751e8b465ee728b)  -> (artifact id: '05d2d945fcae305edf83da4791f4ce5e') in 0.241053 seconds 
========================================================================
Received Import Request.
  Time since last request: 12.285409 seconds.
  path: Assets/RoadSystem/RoadArchitect/Materials/FedSigns/Diamond/General/Grade8.mat
  artifactKey: Guid(75cd33362577a7c4f9b18d48baed4158) Importer(815301076,1909f56bfc062723c751e8b465ee728b)
Start importing Assets/RoadSystem/RoadArchitect/Materials/FedSigns/Diamond/General/Grade8.mat using Guid(75cd33362577a7c4f9b18d48baed4158) Importer(815301076,1909f56bfc062723c751e8b465ee728b)  -> (artifact id: '3a2c37a28b9d3dfd2c8ff9fab9f455fb') in 0.029920 seconds 
========================================================================
Received Import Request.
  Time since last request: 0.000022 seconds.
  path: Assets/RoadSystem/RoadArchitect/Materials/FedSigns/Diamond/General/GustyWinds.mat
  artifactKey: Guid(8cc73059ba968ad438f08bc40fea2f5c) Importer(815301076,1909f56bfc062723c751e8b465ee728b)
Start importing Assets/RoadSystem/RoadArchitect/Materials/FedSigns/Diamond/General/GustyWinds.mat using Guid(8cc73059ba968ad438f08bc40fea2f5c) Importer(815301076,1909f56bfc062723c751e8b465ee728b)  -> (artifact id: 'ba9e3d700d24a780c477cba577d47510') in 0.021916 seconds 
========================================================================
Received Import Request.
  Time since last request: 0.000024 seconds.
  path: Assets/RoadSystem/RoadArchitect/Materials/FedSigns/Square/H40.mat
  artifactKey: Guid(64ce1036758dbee47945c6df60e711d4) Importer(815301076,1909f56bfc062723c751e8b465ee728b)
Start importing Assets/RoadSystem/RoadArchitect/Materials/FedSigns/Square/H40.mat using Guid(64ce1036758dbee47945c6df60e711d4) Importer(815301076,1909f56bfc062723c751e8b465ee728b)  -> (artifact id: '7126e685e15609ec1ab25e7955330b9f') in 0.028377 seconds 
========================================================================
Received Import Request.
  Time since last request: 0.868152 seconds.
  path: Assets/RoadSystem/RoadArchitect/Materials/FedSigns/Diamond/General/HearingImpaired.mat
  artifactKey: Guid(e84a0bc0152485d4587a099f1bf65729) Importer(815301076,1909f56bfc062723c751e8b465ee728b)
Start importing Assets/RoadSystem/RoadArchitect/Materials/FedSigns/Diamond/General/HearingImpaired.mat using Guid(e84a0bc0152485d4587a099f1bf65729) Importer(815301076,1909f56bfc062723c751e8b465ee728b)  -> (artifact id: '9728abbdd6a6f8bbaf406e6d0fba9f42') in 0.028593 seconds 
========================================================================
Received Import Request.
  Time since last request: 0.056934 seconds.
  path: Assets/RoadSystem/RoadArchitect/Materials/FedSigns/Diamond/General/HighWater.mat
  artifactKey: Guid(0842c196345af2644a3407b96d29c3fe) Importer(815301076,1909f56bfc062723c751e8b465ee728b)
Start importing Assets/RoadSystem/RoadArchitect/Materials/FedSigns/Diamond/General/HighWater.mat using Guid(0842c196345af2644a3407b96d29c3fe) Importer(815301076,1909f56bfc062723c751e8b465ee728b)  -> (artifact id: '06099938800640cce04eb3c98949658a') in 0.030344 seconds 
========================================================================
Received Import Request.
  Time since last request: 3.617726 seconds.
  path: Assets/RoadSystem/RoadArchitect/Materials/FedSigns/Diamond/General/StopLightsAhead.mat
  artifactKey: Guid(1d9f6e82e483894499c48765c47f2fe3) Importer(815301076,1909f56bfc062723c751e8b465ee728b)
Start importing Assets/RoadSystem/RoadArchitect/Materials/FedSigns/Diamond/General/StopLightsAhead.mat using Guid(1d9f6e82e483894499c48765c47f2fe3) Importer(815301076,1909f56bfc062723c751e8b465ee728b)  -> (artifact id: 'bb62406ff6e39087a8b0cde1023178ed') in 0.043363 seconds 
========================================================================
Received Import Request.
  Time since last request: 0.000033 seconds.
  path: Assets/RoadSystem/RoadArchitect/Materials/Signs/TrafficLightMainLY.mat
  artifactKey: Guid(2b77191dfd5a39842adb44a6b868ff43) Importer(815301076,1909f56bfc062723c751e8b465ee728b)
Start importing Assets/RoadSystem/RoadArchitect/Materials/Signs/TrafficLightMainLY.mat using Guid(2b77191dfd5a39842adb44a6b868ff43) Importer(815301076,1909f56bfc062723c751e8b465ee728b)  -> (artifact id: '3f410beaacd04173f094636d3df77cba') in 0.160828 seconds 
========================================================================
Received Import Request.
  Time since last request: 3.126875 seconds.
  path: Assets/RoadSystem/RoadArchitect/Materials/FedSigns/396/35mphZoneAhead.mat
  artifactKey: Guid(26393d9571cde314f9854742eee387db) Importer(815301076,1909f56bfc062723c751e8b465ee728b)
Start importing Assets/RoadSystem/RoadArchitect/Materials/FedSigns/396/35mphZoneAhead.mat using Guid(26393d9571cde314f9854742eee387db) Importer(815301076,1909f56bfc062723c751e8b465ee728b)  -> (artifact id: '47ea67b2bd22e00725fb0545b68cf95e') in 0.034267 seconds 
========================================================================
Received Import Request.
  Time since last request: 0.000038 seconds.
  path: Assets/RoadSystem/RoadArchitect/Materials/FedSigns/617/182.mat
  artifactKey: Guid(cb93d11926d5acc428729e14c0f8b738) Importer(815301076,1909f56bfc062723c751e8b465ee728b)
Start importing Assets/RoadSystem/RoadArchitect/Materials/FedSigns/617/182.mat using Guid(cb93d11926d5acc428729e14c0f8b738) Importer(815301076,1909f56bfc062723c751e8b465ee728b)  -> (artifact id: '3916c8abffb09f2ef073d1161b68da19') in 0.037633 seconds 
Editor requested this worker to shutdown with reason: Scaling down because of idle timeout
AssetImportWorker is now disconnected from the server
Process exiting
Exiting without the bug reporter. Application will terminate with return code 0