Using pre-set license
Built from '2021.3/staging' branch; Version is '2021.3.18f1 (3129e69bc0c7) revision 3221990'; Using compiler version '192829333'; Build Type 'Release'
OS: 'Windows 11  (10.0.22631) 64bit Core' Language: 'en' Physical Memory: 16088 MB
BatchMode: 1, IsHumanControllingUs: 0, StartBugReporterOnCrash: 0, Is64bit: 1, IsPro: 1

COMMAND LINE ARGUMENTS:
C:\Program Files\Unity\Hub\Editor\2021.3.18f1\Editor\Unity.exe
-adb2
-batchMode
-noUpm
-name
AssetImportWorker6
-projectPath
C:/Users/demon/Desktop/Repeat Project/repeat_project_p2/repeat-project-p2
-logFile
Logs/AssetImportWorker6.log
-srvPort
49396
Successfully changed project path to: C:/Users/demon/Desktop/Repeat Project/repeat_project_p2/repeat-project-p2
C:/Users/demon/Desktop/Repeat Project/repeat_project_p2/repeat-project-p2
[UnityMemory] Configuration Parameters - Can be set up in boot.config
    "memorysetup-bucket-allocator-granularity=16"
    "memorysetup-bucket-allocator-bucket-count=8"
    "memorysetup-bucket-allocator-block-size=33554432"
    "memorysetup-bucket-allocator-block-count=8"
    "memorysetup-main-allocator-block-size=16777216"
    "memorysetup-thread-allocator-block-size=16777216"
    "memorysetup-gfx-main-allocator-block-size=16777216"
    "memorysetup-gfx-thread-allocator-block-size=16777216"
    "memorysetup-cache-allocator-block-size=4194304"
    "memorysetup-typetree-allocator-block-size=2097152"
    "memorysetup-profiler-bucket-allocator-granularity=16"
    "memorysetup-profiler-bucket-allocator-bucket-count=8"
    "memorysetup-profiler-bucket-allocator-block-size=33554432"
    "memorysetup-profiler-bucket-allocator-block-count=8"
    "memorysetup-profiler-allocator-block-size=16777216"
    "memorysetup-profiler-editor-allocator-block-size=1048576"
    "memorysetup-temp-allocator-size-main=16777216"
    "memorysetup-job-temp-allocator-block-size=2097152"
    "memorysetup-job-temp-allocator-block-size-background=1048576"
    "memorysetup-job-temp-allocator-reduction-small-platforms=262144"
    "memorysetup-temp-allocator-size-background-worker=32768"
    "memorysetup-temp-allocator-size-job-worker=262144"
    "memorysetup-temp-allocator-size-preload-manager=33554432"
    "memorysetup-temp-allocator-size-nav-mesh-worker=65536"
    "memorysetup-temp-allocator-size-audio-worker=65536"
    "memorysetup-temp-allocator-size-cloud-worker=32768"
    "memorysetup-temp-allocator-size-gi-baking-worker=262144"
    "memorysetup-temp-allocator-size-gfx=262144"
Player connection [44652] Host "[IP] 192.168.0.16 [Port] 0 [Flags] 2 [Guid] 1890637645 [EditorId] 1890637645 [Version] 1048832 [Id] WindowsEditor(7,MSI) [Debug] 1 [PackageName] WindowsEditor [ProjectName] Editor" joined multi-casting on [225.0.0.222:54997]...

Player connection [44652] Host "[IP] 192.168.0.16 [Port] 0 [Flags] 2 [Guid] 1890637645 [EditorId] 1890637645 [Version] 1048832 [Id] WindowsEditor(7,MSI) [Debug] 1 [PackageName] WindowsEditor [ProjectName] Editor" joined alternative multi-casting on [225.0.0.222:34997]...

Refreshing native plugins compatible for Editor in 136.43 ms, found 3 plugins.
Preloading 0 native plugins for Editor in 0.00 ms.
Initialize engine version: 2021.3.18f1 (3129e69bc0c7)
[Subsystems] Discovering subsystems at path C:/Program Files/Unity/Hub/Editor/2021.3.18f1/Editor/Data/Resources/UnitySubsystems
[Subsystems] Discovering subsystems at path C:/Users/demon/Desktop/Repeat Project/repeat_project_p2/repeat-project-p2/Assets
GfxDevice: creating device client; threaded=0; jobified=0
Direct3D:
    Version:  Direct3D 11.0 [level 11.1]
    Renderer: NVIDIA GeForce RTX 3060 Laptop GPU (ID=0x2520)
    Vendor:   NVIDIA
    VRAM:     6009 MB
    Driver:   31.0.15.3623
Initialize mono
Mono path[0] = 'C:/Program Files/Unity/Hub/Editor/2021.3.18f1/Editor/Data/Managed'
Mono path[1] = 'C:/Program Files/Unity/Hub/Editor/2021.3.18f1/Editor/Data/MonoBleedingEdge/lib/mono/unityjit-win32'
Mono config path = 'C:/Program Files/Unity/Hub/Editor/2021.3.18f1/Editor/Data/MonoBleedingEdge/etc'
Using monoOptions --debugger-agent=transport=dt_socket,embedding=1,server=y,suspend=n,address=127.0.0.1:56860
Begin MonoManager ReloadAssembly
Registering precompiled unity dll's ...
Register platform support module: C:/Program Files/Unity/Hub/Editor/2021.3.18f1/Editor/Data/PlaybackEngines/WebGLSupport/UnityEditor.WebGL.Extensions.dll
Register platform support module: C:/Program Files/Unity/Hub/Editor/2021.3.18f1/Editor/Data/PlaybackEngines/WindowsStandaloneSupport/UnityEditor.WindowsStandalone.Extensions.dll
Registered in 0.010567 seconds.
Native extension for WindowsStandalone target not found
Native extension for WebGL target not found
Refreshing native plugins compatible for Editor in 103.23 ms, found 3 plugins.
Preloading 0 native plugins for Editor in 0.00 ms.
Mono: successfully reloaded assembly
- Completed reload, in  0.913 seconds
Domain Reload Profiling:
	ReloadAssembly (914ms)
		BeginReloadAssembly (116ms)
			ExecutionOrderSort (0ms)
			DisableScriptedObjects (0ms)
			BackupInstance (0ms)
			ReleaseScriptingObjects (0ms)
			CreateAndSetChildDomain (1ms)
		EndReloadAssembly (644ms)
			LoadAssemblies (114ms)
			RebuildTransferFunctionScriptingTraits (0ms)
			SetupTypeCache (143ms)
			ReleaseScriptCaches (0ms)
			RebuildScriptCaches (38ms)
			SetupLoadedEditorAssemblies (382ms)
				LogAssemblyErrors (0ms)
				InitializePlatformSupportModulesInManaged (14ms)
				SetLoadedEditorAssemblies (0ms)
				RefreshPlugins (103ms)
				BeforeProcessingInitializeOnLoad (2ms)
				ProcessInitializeOnLoadAttributes (202ms)
				ProcessInitializeOnLoadMethodAttributes (61ms)
				AfterProcessingInitializeOnLoad (0ms)
				EditorAssembliesLoaded (0ms)
			ExecutionOrderSort2 (0ms)
			AwakeInstancesAfterBackupRestoration (0ms)
Platform modules already initialized, skipping
Registering precompiled user dll's ...
Registered in 0.008802 seconds.
Begin MonoManager ReloadAssembly
Symbol file LoadedFromMemory doesn't match image C:\Users\demon\Desktop\Repeat Project\repeat_project_p2\repeat-project-p2\Library\PackageCache\com.unity.visualscripting@1.8.0\Editor\VisualScripting.Core\Dependencies\YamlDotNet\Unity.VisualScripting.YamlDotNet.dll
Symbol file LoadedFromMemory doesn't match image C:\Users\demon\Desktop\Repeat Project\repeat_project_p2\repeat-project-p2\Library\PackageCache\com.unity.visualscripting@1.8.0\Editor\VisualScripting.Core\Dependencies\DotNetZip\Unity.VisualScripting.IonicZip.dll
Native extension for WindowsStandalone target not found
Native extension for WebGL target not found
Refreshing native plugins compatible for Editor in 0.63 ms, found 3 plugins.
Preloading 0 native plugins for Editor in 0.00 ms.
Mono: successfully reloaded assembly
- Completed reload, in  1.292 seconds
Domain Reload Profiling:
	ReloadAssembly (1293ms)
		BeginReloadAssembly (148ms)
			ExecutionOrderSort (0ms)
			DisableScriptedObjects (7ms)
			BackupInstance (0ms)
			ReleaseScriptingObjects (0ms)
			CreateAndSetChildDomain (27ms)
		EndReloadAssembly (975ms)
			LoadAssemblies (152ms)
			RebuildTransferFunctionScriptingTraits (0ms)
			SetupTypeCache (306ms)
			ReleaseScriptCaches (0ms)
			RebuildScriptCaches (61ms)
			SetupLoadedEditorAssemblies (419ms)
				LogAssemblyErrors (0ms)
				InitializePlatformSupportModulesInManaged (9ms)
				SetLoadedEditorAssemblies (0ms)
				RefreshPlugins (1ms)
				BeforeProcessingInitializeOnLoad (90ms)
				ProcessInitializeOnLoadAttributes (289ms)
				ProcessInitializeOnLoadMethodAttributes (20ms)
				AfterProcessingInitializeOnLoad (9ms)
				EditorAssembliesLoaded (0ms)
			ExecutionOrderSort2 (0ms)
			AwakeInstancesAfterBackupRestoration (7ms)
Platform modules already initialized, skipping
========================================================================
Worker process is ready to serve import requests
Launched and connected shader compiler UnityShaderCompiler.exe after 0.08 seconds
Refreshing native plugins compatible for Editor in 1.07 ms, found 3 plugins.
Preloading 0 native plugins for Editor in 0.00 ms.
Unloading 3114 Unused Serialized files (Serialized files now loaded: 0)
Unloading 25 unused Assets / (313.1 KB). Loaded Objects now: 3596.
Memory consumption went from 137.2 MB to 136.9 MB.
Total: 6.601600 ms (FindLiveObjects: 0.716300 ms CreateObjectMapping: 1.024200 ms MarkObjects: 4.384200 ms  DeleteObjects: 0.474000 ms)

AssetImportParameters requested are different than current active one (requested -> active):
  custom:video-decoder-ogg-theora: a1e56fd34408186e4bbccfd4996cb3dc -> 
  custom:container-muxer-webm: aa71ff27fc2769a1b78a27578f13a17b -> 
  custom:container-demuxer-webm: 4f35f7cbe854078d1ac9338744f61a02 -> 
  custom:video-encoder-webm-vp8: eb34c28f22e8b96e1ab97ce403110664 -> 
  custom:video-codec-MediaFoundation-h265: 746d11721c4dcdbdad8f713fa42b33f4 -> 
  custom:audio-encoder-webm-vorbis: bf7c407c2cedff20999df2af8eb42d56 -> 
  custom:framework-win-MediaFoundation: 216162199b28c13a410421893ffa2e32 -> 
  custom:container-demuxer-ogg: 62fdf1f143b41e24485cea50d1cbac27 -> 
  custom:video-decoder-webm-vp8: 9c59270c3fd7afecdb556c50c9e8de78 -> 
  custom:audio-decoder-ogg-vorbis: bf7c407c2cedff20999df2af8eb42d56 -> 
========================================================================
Received Import Request.
  Time since last request: 1910523.332269 seconds.
  path: Assets/RoadSystem/RoadArchitect/Materials/FedSigns/Diamond/General/IceOnBridges.mat
  artifactKey: Guid(c4d87c126f3a53942a4fa54f707e7b68) Importer(815301076,1909f56bfc062723c751e8b465ee728b)
Start importing Assets/RoadSystem/RoadArchitect/Materials/FedSigns/Diamond/General/IceOnBridges.mat using Guid(c4d87c126f3a53942a4fa54f707e7b68) Importer(815301076,1909f56bfc062723c751e8b465ee728b)  -> (artifact id: 'e07e6dd1ff47e7ad5da523c6c5964a29') in 0.206876 seconds 
========================================================================
Received Import Request.
  Time since last request: 1.805976 seconds.
  path: Assets/RoadSystem/RoadArchitect/Materials/FedSigns/Diamond/General/Intersection3Way2.mat
  artifactKey: Guid(a302e169d2762e54aafac9bb4e443880) Importer(815301076,1909f56bfc062723c751e8b465ee728b)
Start importing Assets/RoadSystem/RoadArchitect/Materials/FedSigns/Diamond/General/Intersection3Way2.mat using Guid(a302e169d2762e54aafac9bb4e443880) Importer(815301076,1909f56bfc062723c751e8b465ee728b)  -> (artifact id: '8abc8a3e4c419cf927da5f5f01fab0c1') in 0.046988 seconds 
========================================================================
Received Import Request.
  Time since last request: 1.567437 seconds.
  path: Assets/RoadSystem/RoadArchitect/Materials/FedSigns/396/KeepLeft.mat
  artifactKey: Guid(e70ee84d8e8892242bd39d0bc259dca0) Importer(815301076,1909f56bfc062723c751e8b465ee728b)
Start importing Assets/RoadSystem/RoadArchitect/Materials/FedSigns/396/KeepLeft.mat using Guid(e70ee84d8e8892242bd39d0bc259dca0) Importer(815301076,1909f56bfc062723c751e8b465ee728b)  -> (artifact id: 'e3830d414a2e129872f42d432a80ac8e') in 0.046385 seconds 
========================================================================
Received Import Request.
  Time since last request: 0.245575 seconds.
  path: Assets/RoadSystem/RoadArchitect/Materials/FedSigns/396/KeepRight.mat
  artifactKey: Guid(f13dfd05a62436246859dd81ca11f6c3) Importer(815301076,1909f56bfc062723c751e8b465ee728b)
Start importing Assets/RoadSystem/RoadArchitect/Materials/FedSigns/396/KeepRight.mat using Guid(f13dfd05a62436246859dd81ca11f6c3) Importer(815301076,1909f56bfc062723c751e8b465ee728b)  -> (artifact id: 'd9bcfaf8df14574a0181527739fa44ea') in 0.045998 seconds 
========================================================================
Received Import Request.
  Time since last request: 0.235097 seconds.
  path: Assets/RoadSystem/RoadArchitect/Materials/FedSigns/Diamond/General/LaneEndsMergeLeft.mat
  artifactKey: Guid(c7f9b1297b9296c48a6da71aebf7343a) Importer(815301076,1909f56bfc062723c751e8b465ee728b)
Start importing Assets/RoadSystem/RoadArchitect/Materials/FedSigns/Diamond/General/LaneEndsMergeLeft.mat using Guid(c7f9b1297b9296c48a6da71aebf7343a) Importer(815301076,1909f56bfc062723c751e8b465ee728b)  -> (artifact id: 'e8ccea761c2b9758dd535b17a628be3c') in 0.052707 seconds 
========================================================================
Received Import Request.
  Time since last request: 0.891888 seconds.
  path: Assets/RoadSystem/RoadArchitect/Materials/FedSigns/Diamond/General/LoopStreet.mat
  artifactKey: Guid(8d6709ecc306613468d3b2ea0175360b) Importer(815301076,1909f56bfc062723c751e8b465ee728b)
Start importing Assets/RoadSystem/RoadArchitect/Materials/FedSigns/Diamond/General/LoopStreet.mat using Guid(8d6709ecc306613468d3b2ea0175360b) Importer(815301076,1909f56bfc062723c751e8b465ee728b)  -> (artifact id: '8c7b0b067f352ab231def72fa16f2c50') in 0.051739 seconds 
========================================================================
Received Import Request.
  Time since last request: 0.065760 seconds.
  path: Assets/RoadSystem/RoadArchitect/Materials/FedSigns/Diamond/General/MayBeIcyAhead.mat
  artifactKey: Guid(59e0955699d878349a195a8c38861a46) Importer(815301076,1909f56bfc062723c751e8b465ee728b)
Start importing Assets/RoadSystem/RoadArchitect/Materials/FedSigns/Diamond/General/MayBeIcyAhead.mat using Guid(59e0955699d878349a195a8c38861a46) Importer(815301076,1909f56bfc062723c751e8b465ee728b)  -> (artifact id: '4f3f5545f05d4af32838d55f72275769') in 0.046708 seconds 
========================================================================
Received Import Request.
  Time since last request: 1.263922 seconds.
  path: Assets/RoadSystem/RoadArchitect/Materials/FedSigns/396/MedianAlertLeft.mat
  artifactKey: Guid(05bc3a4291187f0489fce8039aa70187) Importer(815301076,1909f56bfc062723c751e8b465ee728b)
Start importing Assets/RoadSystem/RoadArchitect/Materials/FedSigns/396/MedianAlertLeft.mat using Guid(05bc3a4291187f0489fce8039aa70187) Importer(815301076,1909f56bfc062723c751e8b465ee728b)  -> (artifact id: '796715a28be558b02e811ed9fda05b6c') in 0.050418 seconds 
========================================================================
Received Import Request.
  Time since last request: 0.294329 seconds.
  path: Assets/RoadSystem/RoadArchitect/Materials/FedSigns/396/MinSpeed40.mat
  artifactKey: Guid(9ee5cd850e0a5ab4290ee4ab382dcd4e) Importer(815301076,1909f56bfc062723c751e8b465ee728b)
Start importing Assets/RoadSystem/RoadArchitect/Materials/FedSigns/396/MinSpeed40.mat using Guid(9ee5cd850e0a5ab4290ee4ab382dcd4e) Importer(815301076,1909f56bfc062723c751e8b465ee728b)  -> (artifact id: '3651812a4224e9f39f98f98994888aef') in 0.050230 seconds 
========================================================================
Received Import Request.
  Time since last request: 0.055507 seconds.
  path: Assets/RoadSystem/RoadArchitect/Materials/FedSigns/Diamond/General/Motorcycles.mat
  artifactKey: Guid(5c4fbd402d0f9de43a13de753b824424) Importer(815301076,1909f56bfc062723c751e8b465ee728b)
Start importing Assets/RoadSystem/RoadArchitect/Materials/FedSigns/Diamond/General/Motorcycles.mat using Guid(5c4fbd402d0f9de43a13de753b824424) Importer(815301076,1909f56bfc062723c751e8b465ee728b)  -> (artifact id: 'cb1060adc4696b13612014730b7c597e') in 0.052005 seconds 
========================================================================
Received Import Request.
  Time since last request: 0.126244 seconds.
  path: Assets/RoadSystem/RoadArchitect/Materials/FedSigns/Diamond/General/NarrowWindingRoad.mat
  artifactKey: Guid(b1a50ba90cd54804fb6cd92f29724092) Importer(815301076,1909f56bfc062723c751e8b465ee728b)
Start importing Assets/RoadSystem/RoadArchitect/Materials/FedSigns/Diamond/General/NarrowWindingRoad.mat using Guid(b1a50ba90cd54804fb6cd92f29724092) Importer(815301076,1909f56bfc062723c751e8b465ee728b)  -> (artifact id: '87593a68b76217f11f11a2b4a2ea423e') in 0.047211 seconds 
========================================================================
Received Import Request.
  Time since last request: 2.746114 seconds.
  path: Assets/RoadSystem/RoadArchitect/Materials/FedSigns/330/NoParkingAnytimeBoth.mat
  artifactKey: Guid(26553cd1dbf7c7e4ca893c525265c793) Importer(815301076,1909f56bfc062723c751e8b465ee728b)
Start importing Assets/RoadSystem/RoadArchitect/Materials/FedSigns/330/NoParkingAnytimeBoth.mat using Guid(26553cd1dbf7c7e4ca893c525265c793) Importer(815301076,1909f56bfc062723c751e8b465ee728b)  -> (artifact id: '2362bd7c06eee8f31749c5acd1063bf5') in 0.037688 seconds 
========================================================================
Received Import Request.
  Time since last request: 0.218491 seconds.
  path: Assets/RoadSystem/RoadArchitect/Materials/FedSigns/396/NoParkingOnPavement.mat
  artifactKey: Guid(747a81f5c17649440b0643b3f0dcb0ca) Importer(815301076,1909f56bfc062723c751e8b465ee728b)
Start importing Assets/RoadSystem/RoadArchitect/Materials/FedSigns/396/NoParkingOnPavement.mat using Guid(747a81f5c17649440b0643b3f0dcb0ca) Importer(815301076,1909f56bfc062723c751e8b465ee728b)  -> (artifact id: '74f44e6d6bc2edf50dec460cdb490773') in 0.040423 seconds 
========================================================================
Received Import Request.
  Time since last request: 0.001349 seconds.
  path: Assets/RoadSystem/RoadArchitect/Materials/FedSigns/Square/NoPed.mat
  artifactKey: Guid(c695e56108401b3428cdf41470fa99fb) Importer(815301076,1909f56bfc062723c751e8b465ee728b)
Start importing Assets/RoadSystem/RoadArchitect/Materials/FedSigns/Square/NoPed.mat using Guid(c695e56108401b3428cdf41470fa99fb) Importer(815301076,1909f56bfc062723c751e8b465ee728b)  -> (artifact id: 'e0c86c2a45c7c12e0e31b9ada4bad9b2') in 0.040086 seconds 
========================================================================
Received Import Request.
  Time since last request: 0.293668 seconds.
  path: Assets/RoadSystem/RoadArchitect/Materials/FedSigns/Square/NoPlaying.mat
  artifactKey: Guid(3c2e0f3398b838e40a23ad96d2f600b9) Importer(815301076,1909f56bfc062723c751e8b465ee728b)
Start importing Assets/RoadSystem/RoadArchitect/Materials/FedSigns/Square/NoPlaying.mat using Guid(3c2e0f3398b838e40a23ad96d2f600b9) Importer(815301076,1909f56bfc062723c751e8b465ee728b)  -> (artifact id: '4eb18d3dac3c77f88de515e9fa9b01d2') in 0.048005 seconds 
========================================================================
Received Import Request.
  Time since last request: 0.208126 seconds.
  path: Assets/RoadSystem/RoadArchitect/Materials/FedSigns/Square/NoStraight.mat
  artifactKey: Guid(5b8f916a95ec71a44a9ca99a7025df19) Importer(815301076,1909f56bfc062723c751e8b465ee728b)
Start importing Assets/RoadSystem/RoadArchitect/Materials/FedSigns/Square/NoStraight.mat using Guid(5b8f916a95ec71a44a9ca99a7025df19) Importer(815301076,1909f56bfc062723c751e8b465ee728b)  -> (artifact id: 'f1733f41eecbf034429cce671afe2444') in 0.046495 seconds 
========================================================================
Received Import Request.
  Time since last request: 0.063997 seconds.
  path: Assets/RoadSystem/RoadArchitect/Materials/FedSigns/Square/NoTrucksInLeftLane.mat
  artifactKey: Guid(5c1a98c24a94fe146aa14d8beabca292) Importer(815301076,1909f56bfc062723c751e8b465ee728b)
Start importing Assets/RoadSystem/RoadArchitect/Materials/FedSigns/Square/NoTrucksInLeftLane.mat using Guid(5c1a98c24a94fe146aa14d8beabca292) Importer(815301076,1909f56bfc062723c751e8b465ee728b)  -> (artifact id: '60720ac988adbd70627c89e0ab7144c8') in 0.051356 seconds 
========================================================================
Received Import Request.
  Time since last request: 0.196293 seconds.
  path: Assets/RoadSystem/RoadArchitect/Materials/FedSigns/Square/NoTurnRight.mat
  artifactKey: Guid(b438bb8055a08244892cdcb90adccf4b) Importer(815301076,1909f56bfc062723c751e8b465ee728b)
Start importing Assets/RoadSystem/RoadArchitect/Materials/FedSigns/Square/NoTurnRight.mat using Guid(b438bb8055a08244892cdcb90adccf4b) Importer(815301076,1909f56bfc062723c751e8b465ee728b)  -> (artifact id: '4b49510c251f89a24bef96e5441459b9') in 0.053735 seconds 
========================================================================
Received Import Request.
  Time since last request: 0.248409 seconds.
  path: Assets/RoadSystem/RoadArchitect/Materials/FedSigns/Square/Ny7.mat
  artifactKey: Guid(3f8d625ea7a61fb479eb91986c1def7a) Importer(815301076,1909f56bfc062723c751e8b465ee728b)
Start importing Assets/RoadSystem/RoadArchitect/Materials/FedSigns/Square/Ny7.mat using Guid(3f8d625ea7a61fb479eb91986c1def7a) Importer(815301076,1909f56bfc062723c751e8b465ee728b)  -> (artifact id: 'd001770ae10e4d68b1c63e95cd275bd1') in 0.040393 seconds 
========================================================================
Received Import Request.
  Time since last request: 0.077058 seconds.
  path: Assets/RoadSystem/RoadArchitect/Materials/FedSigns/617/OH327.mat
  artifactKey: Guid(8b3d3e7665acb334ca721f09fd0c08e7) Importer(815301076,1909f56bfc062723c751e8b465ee728b)
Start importing Assets/RoadSystem/RoadArchitect/Materials/FedSigns/617/OH327.mat using Guid(8b3d3e7665acb334ca721f09fd0c08e7) Importer(815301076,1909f56bfc062723c751e8b465ee728b)  -> (artifact id: 'b79fd5d6110b68d0431a397ac24d5c16') in 0.043229 seconds 
========================================================================
Received Import Request.
  Time since last request: 0.174620 seconds.
  path: Assets/RoadSystem/RoadArchitect/Materials/FedSigns/Square/OhioTurnpike.mat
  artifactKey: Guid(6ddfef4a00db9f344b646fdc02c9f8af) Importer(815301076,1909f56bfc062723c751e8b465ee728b)
Start importing Assets/RoadSystem/RoadArchitect/Materials/FedSigns/Square/OhioTurnpike.mat using Guid(6ddfef4a00db9f344b646fdc02c9f8af) Importer(815301076,1909f56bfc062723c751e8b465ee728b)  -> (artifact id: '3c494e1dfe6d84477172df35365087e8') in 0.045395 seconds 
========================================================================
Received Import Request.
  Time since last request: 0.330032 seconds.
  path: Assets/RoadSystem/RoadArchitect/Materials/FedSigns/396/OneWay.mat
  artifactKey: Guid(0fb16e796b832eb4d858ed6818c07ebe) Importer(815301076,1909f56bfc062723c751e8b465ee728b)
Start importing Assets/RoadSystem/RoadArchitect/Materials/FedSigns/396/OneWay.mat using Guid(0fb16e796b832eb4d858ed6818c07ebe) Importer(815301076,1909f56bfc062723c751e8b465ee728b)  -> (artifact id: '7f2aaa473307a6712e6dc5d0a2a1c59e') in 0.049657 seconds 
========================================================================
Received Import Request.
  Time since last request: 0.341470 seconds.
  path: Assets/RoadSystem/RoadArchitect/Materials/FedSigns/396/PassWithCare.mat
  artifactKey: Guid(f6f0acbb9ec3b2843a3f9e6ecff5fa67) Importer(815301076,1909f56bfc062723c751e8b465ee728b)
Start importing Assets/RoadSystem/RoadArchitect/Materials/FedSigns/396/PassWithCare.mat using Guid(f6f0acbb9ec3b2843a3f9e6ecff5fa67) Importer(815301076,1909f56bfc062723c751e8b465ee728b)  -> (artifact id: '953a945f1543d5caab3e6d186fa2fe28') in 0.056932 seconds 
========================================================================
Received Import Request.
  Time since last request: 0.633123 seconds.
  path: Assets/RoadSystem/RoadArchitect/Materials/FedSigns/Diamond/General/Railroad2.mat
  artifactKey: Guid(db08bee462e593f4b94a049d64032ebe) Importer(815301076,1909f56bfc062723c751e8b465ee728b)
Start importing Assets/RoadSystem/RoadArchitect/Materials/FedSigns/Diamond/General/Railroad2.mat using Guid(db08bee462e593f4b94a049d64032ebe) Importer(815301076,1909f56bfc062723c751e8b465ee728b)  -> (artifact id: '3fa55492caa25d0e5f56d26855a54116') in 0.055026 seconds 
========================================================================
Received Import Request.
  Time since last request: 0.065634 seconds.
  path: Assets/RoadSystem/RoadArchitect/Materials/FedSigns/Square/RedLightPhotoEnforced.mat
  artifactKey: Guid(0d294b9ec0bf4364986ccb6f289dd96a) Importer(815301076,1909f56bfc062723c751e8b465ee728b)
Start importing Assets/RoadSystem/RoadArchitect/Materials/FedSigns/Square/RedLightPhotoEnforced.mat using Guid(0d294b9ec0bf4364986ccb6f289dd96a) Importer(815301076,1909f56bfc062723c751e8b465ee728b)  -> (artifact id: '012859dd2a60ef3750e45e43c6710c6a') in 0.035429 seconds 
========================================================================
Received Import Request.
  Time since last request: 0.275311 seconds.
  path: Assets/RoadSystem/RoadArchitect/Materials/FedSigns/Diamond/General/RightLaneEnds.mat
  artifactKey: Guid(1ab2718fe0424454fb94563dd57be7d9) Importer(815301076,1909f56bfc062723c751e8b465ee728b)
Start importing Assets/RoadSystem/RoadArchitect/Materials/FedSigns/Diamond/General/RightLaneEnds.mat using Guid(1ab2718fe0424454fb94563dd57be7d9) Importer(815301076,1909f56bfc062723c751e8b465ee728b)  -> (artifact id: '3dc9c44c8ce990c88d4ef3285f56bb6e') in 0.043570 seconds 
========================================================================
Received Import Request.
  Time since last request: 0.801997 seconds.
  path: Assets/RoadSystem/RoadArchitect/Materials/FedSigns/Diamond/General/RoadEnds.mat
  artifactKey: Guid(7b717e5550bcc5c4fb26e18d742b3161) Importer(815301076,1909f56bfc062723c751e8b465ee728b)
Start importing Assets/RoadSystem/RoadArchitect/Materials/FedSigns/Diamond/General/RoadEnds.mat using Guid(7b717e5550bcc5c4fb26e18d742b3161) Importer(815301076,1909f56bfc062723c751e8b465ee728b)  -> (artifact id: '0fddd5f47056883d33e2f858c61dd79a') in 0.039983 seconds 
========================================================================
Received Import Request.
  Time since last request: 0.561609 seconds.
  path: Assets/RoadSystem/RoadArchitect/Materials/FedSigns/Diamond/General/RoadMerge1.mat
  artifactKey: Guid(f2bf7530a8b7edb4a8e4ea8d8d4b5dd2) Importer(815301076,1909f56bfc062723c751e8b465ee728b)
Start importing Assets/RoadSystem/RoadArchitect/Materials/FedSigns/Diamond/General/RoadMerge1.mat using Guid(f2bf7530a8b7edb4a8e4ea8d8d4b5dd2) Importer(815301076,1909f56bfc062723c751e8b465ee728b)  -> (artifact id: 'bcb452aed2e504ad7390f51736a9a6d5') in 0.062640 seconds 
========================================================================
Received Import Request.
  Time since last request: 0.062221 seconds.
  path: Assets/RoadSystem/RoadArchitect/Materials/FedSigns/Diamond/General/RoadMerge5.mat
  artifactKey: Guid(b7d76e7bb958b8046bb9665dff327bc2) Importer(815301076,1909f56bfc062723c751e8b465ee728b)
Start importing Assets/RoadSystem/RoadArchitect/Materials/FedSigns/Diamond/General/RoadMerge5.mat using Guid(b7d76e7bb958b8046bb9665dff327bc2) Importer(815301076,1909f56bfc062723c751e8b465ee728b)  -> (artifact id: '2a3d9ab508782a1652ac687975e1c1aa') in 0.042997 seconds 
========================================================================
Received Import Request.
  Time since last request: 0.281350 seconds.
  path: Assets/RoadSystem/RoadArchitect/Materials/FedSigns/Diamond/Construction/RoadMovement1Left.mat
  artifactKey: Guid(58842ff24f40c114e9252617f82f20fb) Importer(815301076,1909f56bfc062723c751e8b465ee728b)
Start importing Assets/RoadSystem/RoadArchitect/Materials/FedSigns/Diamond/Construction/RoadMovement1Left.mat using Guid(58842ff24f40c114e9252617f82f20fb) Importer(815301076,1909f56bfc062723c751e8b465ee728b)  -> (artifact id: '112aacd4a043fbe01561cf453b4b2250') in 0.056214 seconds 
========================================================================
Received Import Request.
  Time since last request: 0.350170 seconds.
  path: Assets/RoadSystem/RoadArchitect/Materials/FedSigns/Diamond/Construction/RoadMovement3Left.mat
  artifactKey: Guid(0889991b149edff44afad6f3e001b2cf) Importer(815301076,1909f56bfc062723c751e8b465ee728b)
Start importing Assets/RoadSystem/RoadArchitect/Materials/FedSigns/Diamond/Construction/RoadMovement3Left.mat using Guid(0889991b149edff44afad6f3e001b2cf) Importer(815301076,1909f56bfc062723c751e8b465ee728b)  -> (artifact id: '47797b522eee75714a9fa109f6f31464') in 0.046091 seconds 
========================================================================
Received Import Request.
  Time since last request: 0.142928 seconds.
  path: Assets/RoadSystem/RoadArchitect/Materials/FedSigns/Diamond/General/RoadSplitsY.mat
  artifactKey: Guid(e70955ebf2755644aa4c6e53e5dcadd9) Importer(815301076,1909f56bfc062723c751e8b465ee728b)
Start importing Assets/RoadSystem/RoadArchitect/Materials/FedSigns/Diamond/General/RoadSplitsY.mat using Guid(e70955ebf2755644aa4c6e53e5dcadd9) Importer(815301076,1909f56bfc062723c751e8b465ee728b)  -> (artifact id: '3d2907f2dfc9b17897713186d27ffac3') in 0.041423 seconds 
========================================================================
Received Import Request.
  Time since last request: 0.197320 seconds.
  path: Assets/RoadSystem/RoadArchitect/Materials/FedSigns/Diamond/Construction/RoadWork1k.mat
  artifactKey: Guid(aea400ff3e55a244ebec6ed0d6c9ca66) Importer(815301076,1909f56bfc062723c751e8b465ee728b)
Start importing Assets/RoadSystem/RoadArchitect/Materials/FedSigns/Diamond/Construction/RoadWork1k.mat using Guid(aea400ff3e55a244ebec6ed0d6c9ca66) Importer(815301076,1909f56bfc062723c751e8b465ee728b)  -> (artifact id: '6fa61f531c44aa8aed62eded52273ef3') in 0.045415 seconds 
========================================================================
Received Import Request.
  Time since last request: 0.065672 seconds.
  path: Assets/RoadSystem/RoadArchitect/Materials/FedSigns/Diamond/Construction/RoadWorkMan2.mat
  artifactKey: Guid(cfb2f9a2226abd24a8618c9cb6d77913) Importer(815301076,1909f56bfc062723c751e8b465ee728b)
Start importing Assets/RoadSystem/RoadArchitect/Materials/FedSigns/Diamond/Construction/RoadWorkMan2.mat using Guid(cfb2f9a2226abd24a8618c9cb6d77913) Importer(815301076,1909f56bfc062723c751e8b465ee728b)  -> (artifact id: '48b150d0e4a138520255ce33eadf26a2') in 0.044516 seconds 
========================================================================
Received Import Request.
  Time since last request: 0.000018 seconds.
  path: Assets/RoadSystem/RoadArchitect/Materials/FedSigns/Diamond/General/RockSlideArea.mat
  artifactKey: Guid(fe07db7cca4a68341a956e24ddfec50d) Importer(815301076,1909f56bfc062723c751e8b465ee728b)
Start importing Assets/RoadSystem/RoadArchitect/Materials/FedSigns/Diamond/General/RockSlideArea.mat using Guid(fe07db7cca4a68341a956e24ddfec50d) Importer(815301076,1909f56bfc062723c751e8b465ee728b)  -> (artifact id: '8c9ffc1a106731b6e5b0077afce94943') in 0.040680 seconds 
========================================================================
Received Import Request.
  Time since last request: 0.282478 seconds.
  path: Assets/RoadSystem/RoadArchitect/Materials/FedSigns/Diamond/General/RoughRoad.mat
  artifactKey: Guid(7197fa7e0c46e24468da15fb79f4c33e) Importer(815301076,1909f56bfc062723c751e8b465ee728b)
Start importing Assets/RoadSystem/RoadArchitect/Materials/FedSigns/Diamond/General/RoughRoad.mat using Guid(7197fa7e0c46e24468da15fb79f4c33e) Importer(815301076,1909f56bfc062723c751e8b465ee728b)  -> (artifact id: '62fd259700deebe0bfd2ef1c5757a01d') in 0.041313 seconds 
========================================================================
Received Import Request.
  Time since last request: 0.205210 seconds.
  path: Assets/RoadSystem/RoadArchitect/Materials/FedSigns/Square/RunawayVehiclesOnly.mat
  artifactKey: Guid(faad1167abe274f428d242a1de4aec94) Importer(815301076,1909f56bfc062723c751e8b465ee728b)
Start importing Assets/RoadSystem/RoadArchitect/Materials/FedSigns/Square/RunawayVehiclesOnly.mat using Guid(faad1167abe274f428d242a1de4aec94) Importer(815301076,1909f56bfc062723c751e8b465ee728b)  -> (artifact id: 'c35dfe63306f1145327f7db30ab6874b') in 0.044908 seconds 
========================================================================
Received Import Request.
  Time since last request: 0.254115 seconds.
  path: Assets/RoadSystem/RoadArchitect/Materials/FedSigns/Diamond/General/SchoolBusLoading.mat
  artifactKey: Guid(6bbe8db3b3e8bd54381d9a58fc467ec1) Importer(815301076,1909f56bfc062723c751e8b465ee728b)
Start importing Assets/RoadSystem/RoadArchitect/Materials/FedSigns/Diamond/General/SchoolBusLoading.mat using Guid(6bbe8db3b3e8bd54381d9a58fc467ec1) Importer(815301076,1909f56bfc062723c751e8b465ee728b)  -> (artifact id: 'd1464998929d6424a1b7b9351352bd2c') in 0.033354 seconds 
========================================================================
Received Import Request.
  Time since last request: 0.069887 seconds.
  path: Assets/RoadSystem/RoadArchitect/Materials/FedSigns/Diamond/General/SchoolBusTurn2.mat
  artifactKey: Guid(fe3b497ce2921164bacf3f0d69318515) Importer(815301076,1909f56bfc062723c751e8b465ee728b)
Start importing Assets/RoadSystem/RoadArchitect/Materials/FedSigns/Diamond/General/SchoolBusTurn2.mat using Guid(fe3b497ce2921164bacf3f0d69318515) Importer(815301076,1909f56bfc062723c751e8b465ee728b)  -> (artifact id: '6f59bad28d205efd03e0a613209c10bf') in 0.043602 seconds 
========================================================================
Received Import Request.
  Time since last request: 0.257638 seconds.
  path: Assets/RoadSystem/RoadArchitect/Materials/FedSigns/Diamond/General/SchoolSpeedLimit20.mat
  artifactKey: Guid(f97fffd4c225edc4f91da1d6f6178991) Importer(815301076,1909f56bfc062723c751e8b465ee728b)
Start importing Assets/RoadSystem/RoadArchitect/Materials/FedSigns/Diamond/General/SchoolSpeedLimit20.mat using Guid(f97fffd4c225edc4f91da1d6f6178991) Importer(815301076,1909f56bfc062723c751e8b465ee728b)  -> (artifact id: '76205a5aaa74593b272057e35cce23c1') in 0.038606 seconds 
========================================================================
Received Import Request.
  Time since last request: 0.181204 seconds.
  path: Assets/RoadSystem/RoadArchitect/Materials/FedSigns/396/Seatbelt.mat
  artifactKey: Guid(524a9dba17c049d45ab8a9ea86e73b98) Importer(815301076,1909f56bfc062723c751e8b465ee728b)
Start importing Assets/RoadSystem/RoadArchitect/Materials/FedSigns/396/Seatbelt.mat using Guid(524a9dba17c049d45ab8a9ea86e73b98) Importer(815301076,1909f56bfc062723c751e8b465ee728b)  -> (artifact id: 'b4aa383eb4cae30bc9ecb6065bff6576') in 0.053185 seconds 
========================================================================
Received Import Request.
  Time since last request: 0.094121 seconds.
  path: Assets/RoadSystem/RoadArchitect/Materials/FedSigns/Diamond/General/ShareTheRoad.mat
  artifactKey: Guid(2b67208afd84dfa4ebf5b930e0bbb725) Importer(815301076,1909f56bfc062723c751e8b465ee728b)
Start importing Assets/RoadSystem/RoadArchitect/Materials/FedSigns/Diamond/General/ShareTheRoad.mat using Guid(2b67208afd84dfa4ebf5b930e0bbb725) Importer(815301076,1909f56bfc062723c751e8b465ee728b)  -> (artifact id: '9355eaeab812acbcb4cdcd2646817f26') in 0.038859 seconds 
========================================================================
Received Import Request.
  Time since last request: 0.187093 seconds.
  path: Assets/RoadSystem/RoadArchitect/Materials/FedSigns/Diamond/General/ShareTheRoad3.mat
  artifactKey: Guid(03452601f2ca5b347b892f024978b9f2) Importer(815301076,1909f56bfc062723c751e8b465ee728b)
Start importing Assets/RoadSystem/RoadArchitect/Materials/FedSigns/Diamond/General/ShareTheRoad3.mat using Guid(03452601f2ca5b347b892f024978b9f2) Importer(815301076,1909f56bfc062723c751e8b465ee728b)  -> (artifact id: '9b3c2e296be9397bd8b40eac12936174') in 0.053394 seconds 
========================================================================
Received Import Request.
  Time since last request: 0.837261 seconds.
  path: Assets/RoadSystem/RoadArchitect/Materials/FedSigns/Diamond/General/SlideArea.mat
  artifactKey: Guid(52ea1dfacb3871344b9908d03fe18341) Importer(815301076,1909f56bfc062723c751e8b465ee728b)
Start importing Assets/RoadSystem/RoadArchitect/Materials/FedSigns/Diamond/General/SlideArea.mat using Guid(52ea1dfacb3871344b9908d03fe18341) Importer(815301076,1909f56bfc062723c751e8b465ee728b)  -> (artifact id: '7581c31e10425f75c91e873f90141558') in 0.047636 seconds 
========================================================================
Received Import Request.
  Time since last request: 0.053138 seconds.
  path: Assets/RoadSystem/RoadArchitect/Materials/FedSigns/396/SlowerTrafficKeepRight.mat
  artifactKey: Guid(524a0c05e7a553942b2f22bb66d666e1) Importer(815301076,1909f56bfc062723c751e8b465ee728b)
Start importing Assets/RoadSystem/RoadArchitect/Materials/FedSigns/396/SlowerTrafficKeepRight.mat using Guid(524a0c05e7a553942b2f22bb66d666e1) Importer(815301076,1909f56bfc062723c751e8b465ee728b)  -> (artifact id: 'cf91dfe315a0ca0db8d2bb00d10cae71') in 0.056536 seconds 
========================================================================
Received Import Request.
  Time since last request: 0.183530 seconds.
  path: Assets/RoadSystem/RoadArchitect/Materials/FedSigns/861/SlowVehicles.mat
  artifactKey: Guid(e8d8c5343afef6147b1907a4274de88a) Importer(815301076,1909f56bfc062723c751e8b465ee728b)
Start importing Assets/RoadSystem/RoadArchitect/Materials/FedSigns/861/SlowVehicles.mat using Guid(e8d8c5343afef6147b1907a4274de88a) Importer(815301076,1909f56bfc062723c751e8b465ee728b)  -> (artifact id: '91885cb82585a316ab9400fab14bea62') in 0.039852 seconds 
========================================================================
Received Import Request.
  Time since last request: 0.067438 seconds.
  path: Assets/RoadSystem/RoadArchitect/Materials/FedSigns/330/SlowVehiclesTurn.mat
  artifactKey: Guid(f07c57fe45f5adb4a9ca90e51051ff48) Importer(815301076,1909f56bfc062723c751e8b465ee728b)
Start importing Assets/RoadSystem/RoadArchitect/Materials/FedSigns/330/SlowVehiclesTurn.mat using Guid(f07c57fe45f5adb4a9ca90e51051ff48) Importer(815301076,1909f56bfc062723c751e8b465ee728b)  -> (artifact id: '1f11c6d96502735db2bf4f75d3717bb8') in 0.042158 seconds 
========================================================================
Received Import Request.
  Time since last request: 0.060687 seconds.
  path: Assets/RoadSystem/RoadArchitect/Materials/FedSigns/396/SpeedLimit50.mat
  artifactKey: Guid(3fe9f4f78a571164db8922ec1c259292) Importer(815301076,1909f56bfc062723c751e8b465ee728b)
Start importing Assets/RoadSystem/RoadArchitect/Materials/FedSigns/396/SpeedLimit50.mat using Guid(3fe9f4f78a571164db8922ec1c259292) Importer(815301076,1909f56bfc062723c751e8b465ee728b)  -> (artifact id: '7bd4a680f1987db0f02917a032622d12') in 0.033827 seconds 
========================================================================
Received Import Request.
  Time since last request: 0.226406 seconds.
  path: Assets/RoadSystem/RoadArchitect/Materials/FedSigns/396/StateSpeedLimit55.mat
  artifactKey: Guid(a465ce7678d03a143b639d25305a905b) Importer(815301076,1909f56bfc062723c751e8b465ee728b)
Start importing Assets/RoadSystem/RoadArchitect/Materials/FedSigns/396/StateSpeedLimit55.mat using Guid(a465ce7678d03a143b639d25305a905b) Importer(815301076,1909f56bfc062723c751e8b465ee728b)  -> (artifact id: '4d4d2f8ee529a88ee7220157fdde8cc4') in 0.050411 seconds 
========================================================================
Received Import Request.
  Time since last request: 0.370771 seconds.
  path: Assets/RoadSystem/RoadArchitect/Materials/FedSigns/617/StopForXWalk.mat
  artifactKey: Guid(c90691d9b79ed8844b5641c99ad3f7cc) Importer(815301076,1909f56bfc062723c751e8b465ee728b)
Start importing Assets/RoadSystem/RoadArchitect/Materials/FedSigns/617/StopForXWalk.mat using Guid(c90691d9b79ed8844b5641c99ad3f7cc) Importer(815301076,1909f56bfc062723c751e8b465ee728b)  -> (artifact id: '8028c877d4c0238a9c3dbff806cf8518') in 0.033207 seconds 
========================================================================
Received Import Request.
  Time since last request: 0.358570 seconds.
  path: Assets/RoadSystem/RoadArchitect/Materials/FedSigns/Diamond/General/STurns2.mat
  artifactKey: Guid(6b1d9fa7293bf0d468d882871c38bfa8) Importer(815301076,1909f56bfc062723c751e8b465ee728b)
Start importing Assets/RoadSystem/RoadArchitect/Materials/FedSigns/Diamond/General/STurns2.mat using Guid(6b1d9fa7293bf0d468d882871c38bfa8) Importer(815301076,1909f56bfc062723c751e8b465ee728b)  -> (artifact id: '6ae2e1e7d2fb7076eb44b6cf0d6f4e6c') in 0.047534 seconds 
========================================================================
Received Import Request.
  Time since last request: 0.742711 seconds.
  path: Assets/RoadSystem/RoadArchitect/Materials/FedSigns/988/Towing.mat
  artifactKey: Guid(60d6b4f3f7352a5438e364669e93434b) Importer(815301076,1909f56bfc062723c751e8b465ee728b)
Start importing Assets/RoadSystem/RoadArchitect/Materials/FedSigns/988/Towing.mat using Guid(60d6b4f3f7352a5438e364669e93434b) Importer(815301076,1909f56bfc062723c751e8b465ee728b)  -> (artifact id: '7abcb821ac77cf65703cad100b089e5c') in 0.034097 seconds 
========================================================================
Received Import Request.
  Time since last request: 0.034330 seconds.
  path: Assets/RoadSystem/RoadArchitect/Materials/FedSigns/Diamond/General/TrafficCircle.mat
  artifactKey: Guid(9c2e4c3415f0d034280a0852f1f61b8c) Importer(815301076,1909f56bfc062723c751e8b465ee728b)
Start importing Assets/RoadSystem/RoadArchitect/Materials/FedSigns/Diamond/General/TrafficCircle.mat using Guid(9c2e4c3415f0d034280a0852f1f61b8c) Importer(815301076,1909f56bfc062723c751e8b465ee728b)  -> (artifact id: '6ddb1dec610b2fec1c74afd31bc8c4de') in 0.046614 seconds 
========================================================================
Received Import Request.
  Time since last request: 0.484521 seconds.
  path: Assets/RoadSystem/RoadArchitect/Materials/FedSigns/Diamond/General/TruckEntrance.mat
  artifactKey: Guid(da124d14aef83894bacf7d88d37e2cee) Importer(815301076,1909f56bfc062723c751e8b465ee728b)
Start importing Assets/RoadSystem/RoadArchitect/Materials/FedSigns/Diamond/General/TruckEntrance.mat using Guid(da124d14aef83894bacf7d88d37e2cee) Importer(815301076,1909f56bfc062723c751e8b465ee728b)  -> (artifact id: '14be4d1eaa498485fd577d991bfcc207') in 0.045254 seconds 
========================================================================
Received Import Request.
  Time since last request: 0.037398 seconds.
  path: Assets/RoadSystem/RoadArchitect/Materials/FedSigns/617/TruckRoute.mat
  artifactKey: Guid(ae0fb28ceee1c10478ae414665dba599) Importer(815301076,1909f56bfc062723c751e8b465ee728b)
Start importing Assets/RoadSystem/RoadArchitect/Materials/FedSigns/617/TruckRoute.mat using Guid(ae0fb28ceee1c10478ae414665dba599) Importer(815301076,1909f56bfc062723c751e8b465ee728b)  -> (artifact id: '72b23eab97997faa1f385f17e601bf9d') in 0.036320 seconds 
========================================================================
Received Import Request.
  Time since last request: 0.309159 seconds.
  path: Assets/RoadSystem/RoadArchitect/Materials/FedSigns/Square/Trucks40.mat
  artifactKey: Guid(82fa9dbfba95de94ca3ecf543044a442) Importer(815301076,1909f56bfc062723c751e8b465ee728b)
Start importing Assets/RoadSystem/RoadArchitect/Materials/FedSigns/Square/Trucks40.mat using Guid(82fa9dbfba95de94ca3ecf543044a442) Importer(815301076,1909f56bfc062723c751e8b465ee728b)  -> (artifact id: '154fb38021ca5052431a7a051654f915') in 0.060903 seconds 
========================================================================
Received Import Request.
  Time since last request: 0.300541 seconds.
  path: Assets/RoadSystem/RoadArchitect/Materials/FedSigns/Diamond/General/TruckTip.mat
  artifactKey: Guid(065ec2e51e6b93d45a601d5fafdcec0b) Importer(815301076,1909f56bfc062723c751e8b465ee728b)
Start importing Assets/RoadSystem/RoadArchitect/Materials/FedSigns/Diamond/General/TruckTip.mat using Guid(065ec2e51e6b93d45a601d5fafdcec0b) Importer(815301076,1909f56bfc062723c751e8b465ee728b)  -> (artifact id: '06d6d29afef10753778be93e1a73983d') in 0.051413 seconds 
========================================================================
Received Import Request.
  Time since last request: 0.316455 seconds.
  path: Assets/RoadSystem/RoadArchitect/Materials/FedSigns/Square/TurningYieldToPed.mat
  artifactKey: Guid(fcb96751c7b535a4bb086be638b86f08) Importer(815301076,1909f56bfc062723c751e8b465ee728b)
Start importing Assets/RoadSystem/RoadArchitect/Materials/FedSigns/Square/TurningYieldToPed.mat using Guid(fcb96751c7b535a4bb086be638b86f08) Importer(815301076,1909f56bfc062723c751e8b465ee728b)  -> (artifact id: 'd8ce154b6cfd73c23355d5cb8398fac2') in 0.058031 seconds 
========================================================================
Received Import Request.
  Time since last request: 0.032723 seconds.
  path: Assets/RoadSystem/RoadArchitect/Materials/FedSigns/Diamond/General/TurnLeft90.mat
  artifactKey: Guid(11e02d7bf894c90428e438104a229201) Importer(815301076,1909f56bfc062723c751e8b465ee728b)
Start importing Assets/RoadSystem/RoadArchitect/Materials/FedSigns/Diamond/General/TurnLeft90.mat using Guid(11e02d7bf894c90428e438104a229201) Importer(815301076,1909f56bfc062723c751e8b465ee728b)  -> (artifact id: '62858de77a65b1328acada8406f6ce5c') in 0.041435 seconds 
========================================================================
Received Import Request.
  Time since last request: 0.135042 seconds.
  path: Assets/RoadSystem/RoadArchitect/Materials/FedSigns/861/TurnOnly.mat
  artifactKey: Guid(8ec07eb65c073f34ca42b1d0cbbbda84) Importer(815301076,1909f56bfc062723c751e8b465ee728b)
Start importing Assets/RoadSystem/RoadArchitect/Materials/FedSigns/861/TurnOnly.mat using Guid(8ec07eb65c073f34ca42b1d0cbbbda84) Importer(815301076,1909f56bfc062723c751e8b465ee728b)  -> (artifact id: '4f71b3e345509c3755136d6f52010bb0') in 0.061810 seconds 
========================================================================
Received Import Request.
  Time since last request: 0.038597 seconds.
  path: Assets/RoadSystem/RoadArchitect/Materials/FedSigns/Diamond/General/Unpaved.mat
  artifactKey: Guid(093714e651795724cb1a105372582c39) Importer(815301076,1909f56bfc062723c751e8b465ee728b)
Start importing Assets/RoadSystem/RoadArchitect/Materials/FedSigns/Diamond/General/Unpaved.mat using Guid(093714e651795724cb1a105372582c39) Importer(815301076,1909f56bfc062723c751e8b465ee728b)  -> (artifact id: 'f5c5c5aaa64f74cc9c67ea9a099a00bb') in 0.059637 seconds 
========================================================================
Received Import Request.
  Time since last request: 0.205127 seconds.
  path: Assets/RoadSystem/RoadArchitect/Materials/FedSigns/396/UpcomingRight.mat
  artifactKey: Guid(7e634a0d178014a4985691c0c1729f2b) Importer(815301076,1909f56bfc062723c751e8b465ee728b)
Start importing Assets/RoadSystem/RoadArchitect/Materials/FedSigns/396/UpcomingRight.mat using Guid(7e634a0d178014a4985691c0c1729f2b) Importer(815301076,1909f56bfc062723c751e8b465ee728b)  -> (artifact id: '891fac7a160b304c4a29519c46ebc84d') in 0.059547 seconds 
========================================================================
Received Import Request.
  Time since last request: 0.084153 seconds.
  path: Assets/RoadSystem/RoadArchitect/Materials/FedSigns/Diamond/General/WatchForBikes.mat
  artifactKey: Guid(cf826a3c8470c834e8b82a16fc279a30) Importer(815301076,1909f56bfc062723c751e8b465ee728b)
Start importing Assets/RoadSystem/RoadArchitect/Materials/FedSigns/Diamond/General/WatchForBikes.mat using Guid(cf826a3c8470c834e8b82a16fc279a30) Importer(815301076,1909f56bfc062723c751e8b465ee728b)  -> (artifact id: 'b05d0aae05ce54bc46b8d03bba1faee0') in 0.056500 seconds 
========================================================================
Received Import Request.
  Time since last request: 0.244192 seconds.
  path: Assets/RoadSystem/RoadArchitect/Materials/FedSigns/Diamond/General/WatchForRock.mat
  artifactKey: Guid(16400292548bc444bb4c9571055477a5) Importer(815301076,1909f56bfc062723c751e8b465ee728b)
Start importing Assets/RoadSystem/RoadArchitect/Materials/FedSigns/Diamond/General/WatchForRock.mat using Guid(16400292548bc444bb4c9571055477a5) Importer(815301076,1909f56bfc062723c751e8b465ee728b)  -> (artifact id: '37f1ef45394cba93645208579deabfb4') in 0.057959 seconds 
========================================================================
Received Import Request.
  Time since last request: 0.124854 seconds.
  path: Assets/RoadSystem/RoadArchitect/Materials/FedSigns/861/WeighStationNextRight.mat
  artifactKey: Guid(9987c2bd6302cec46a9ada873711af26) Importer(815301076,1909f56bfc062723c751e8b465ee728b)
Start importing Assets/RoadSystem/RoadArchitect/Materials/FedSigns/861/WeighStationNextRight.mat using Guid(9987c2bd6302cec46a9ada873711af26) Importer(815301076,1909f56bfc062723c751e8b465ee728b)  -> (artifact id: 'aebfdedc63e7fac83f85d61c7f590dcd') in 0.056412 seconds 
========================================================================
Received Import Request.
  Time since last request: 0.267325 seconds.
  path: Assets/RoadSystem/RoadArchitect/Materials/FedSigns/396/WeightLimit10Tons.mat
  artifactKey: Guid(98b2b3c6a91ab7941be480ae1f60fcb5) Importer(815301076,1909f56bfc062723c751e8b465ee728b)
Start importing Assets/RoadSystem/RoadArchitect/Materials/FedSigns/396/WeightLimit10Tons.mat using Guid(98b2b3c6a91ab7941be480ae1f60fcb5) Importer(815301076,1909f56bfc062723c751e8b465ee728b)  -> (artifact id: '66c7a42c1071168e4280b2780390105f') in 0.049393 seconds 
========================================================================
Received Import Request.
  Time since last request: 0.643284 seconds.
  path: Assets/RoadSystem/RoadArchitect/Materials/FedSigns/861/WrongWay.mat
  artifactKey: Guid(60b4f4b6c07200b49965322fadbfc7dd) Importer(815301076,1909f56bfc062723c751e8b465ee728b)
Start importing Assets/RoadSystem/RoadArchitect/Materials/FedSigns/861/WrongWay.mat using Guid(60b4f4b6c07200b49965322fadbfc7dd) Importer(815301076,1909f56bfc062723c751e8b465ee728b)  -> (artifact id: 'ee395e003bab68d8b573f729f9b434ed') in 0.049863 seconds 
========================================================================
Received Import Request.
  Time since last request: 0.267001 seconds.
  path: Assets/RoadSystem/RoadArchitect/Materials/FedSigns/Diamond/General/YieldAhead.mat
  artifactKey: Guid(9a8ecdaee08698d48986ddc4d44b1561) Importer(815301076,1909f56bfc062723c751e8b465ee728b)
Start importing Assets/RoadSystem/RoadArchitect/Materials/FedSigns/Diamond/General/YieldAhead.mat using Guid(9a8ecdaee08698d48986ddc4d44b1561) Importer(815301076,1909f56bfc062723c751e8b465ee728b)  -> (artifact id: '724583c6a0c5e416224e650718ed3c16') in 0.059136 seconds 
========================================================================
Received Import Request.
  Time since last request: 97.138203 seconds.
  path: Assets/RoadSystem/RoadArchitect/Physics/Cobblestone.physicMaterial
  artifactKey: Guid(401bd1bad2b815b42be878988287564f) Importer(815301076,1909f56bfc062723c751e8b465ee728b)
Start importing Assets/RoadSystem/RoadArchitect/Physics/Cobblestone.physicMaterial using Guid(401bd1bad2b815b42be878988287564f) Importer(815301076,1909f56bfc062723c751e8b465ee728b)  -> (artifact id: '6bbed979af130d824264b2f932970b94') in 0.027965 seconds 
========================================================================
Received Import Request.
  Time since last request: 0.000023 seconds.
  path: Assets/RoadSystem/RoadArchitect/Physics/Dirt.physicMaterial
  artifactKey: Guid(101c5ff9f33d031499934ada6adebe57) Importer(815301076,1909f56bfc062723c751e8b465ee728b)
Start importing Assets/RoadSystem/RoadArchitect/Physics/Dirt.physicMaterial using Guid(101c5ff9f33d031499934ada6adebe57) Importer(815301076,1909f56bfc062723c751e8b465ee728b)  -> (artifact id: '59009c85f2baba2f1bb8fe97603d8b0f') in 0.019704 seconds 
========================================================================
Received Import Request.
  Time since last request: 138.761789 seconds.
  path: Packages/com.unity.textmeshpro/Editor Resources/Textures/btn_AlignMiddle_Light.psd
  artifactKey: Guid(066619c9c9c84f89acb1b48c11a7efe2) Importer(815301076,1909f56bfc062723c751e8b465ee728b)
Start importing Packages/com.unity.textmeshpro/Editor Resources/Textures/btn_AlignMiddle_Light.psd using Guid(066619c9c9c84f89acb1b48c11a7efe2) Importer(815301076,1909f56bfc062723c751e8b465ee728b)  -> (artifact id: '2e6194476e9efb50269cfad29a426b5e') in 0.044347 seconds 
========================================================================
Received Import Request.
  Time since last request: 0.000025 seconds.
  path: Packages/com.unity.textmeshpro/Editor Resources/Textures/btn_AlignRight_Light.psd
  artifactKey: Guid(e05ace3bd15740cda0bad60d89092a5b) Importer(815301076,1909f56bfc062723c751e8b465ee728b)
Start importing Packages/com.unity.textmeshpro/Editor Resources/Textures/btn_AlignRight_Light.psd using Guid(e05ace3bd15740cda0bad60d89092a5b) Importer(815301076,1909f56bfc062723c751e8b465ee728b)  -> (artifact id: '215b1d54a9f89e17ffcf8907f0a5b953') in 0.029312 seconds 
========================================================================
Received Import Request.
  Time since last request: 0.000117 seconds.
  path: Packages/com.unity.textmeshpro/Editor Resources/Textures/btn_AlignRight.psd
  artifactKey: Guid(342a0f8aca7f4f0691338912faec0494) Importer(815301076,1909f56bfc062723c751e8b465ee728b)
Start importing Packages/com.unity.textmeshpro/Editor Resources/Textures/btn_AlignRight.psd using Guid(342a0f8aca7f4f0691338912faec0494) Importer(815301076,1909f56bfc062723c751e8b465ee728b)  -> (artifact id: '612ee554d8d56aec0672e3facb773a7e') in 0.021706 seconds 
Editor requested this worker to shutdown with reason: Scaling down because of idle timeout
AssetImportWorkerClient::OnTransportError - code=2 error=End of file
AssetImportWorker is now disconnected from the server
Process exiting
Exiting without the bug reporter. Application will terminate with return code 0