Using pre-set license
Built from '2021.3/staging' branch; Version is '2021.3.18f1 (3129e69bc0c7) revision 3221990'; Using compiler version '192829333'; Build Type 'Release'
OS: 'Windows 11  (10.0.22631) 64bit Core' Language: 'en' Physical Memory: 16088 MB
BatchMode: 1, IsHumanControllingUs: 0, StartBugReporterOnCrash: 0, Is64bit: 1, IsPro: 1

COMMAND LINE ARGUMENTS:
C:\Program Files\Unity\Hub\Editor\2021.3.18f1\Editor\Unity.exe
-adb2
-batchMode
-noUpm
-name
AssetImportWorker3
-projectPath
C:/Users/demon/Desktop/Repeat Project/repeat_project_p2/repeat-project-p2
-logFile
Logs/AssetImportWorker3.log
-srvPort
51580
Successfully changed project path to: C:/Users/demon/Desktop/Repeat Project/repeat_project_p2/repeat-project-p2
C:/Users/demon/Desktop/Repeat Project/repeat_project_p2/repeat-project-p2
[UnityMemory] Configuration Parameters - Can be set up in boot.config
    "memorysetup-bucket-allocator-granularity=16"
    "memorysetup-bucket-allocator-bucket-count=8"
    "memorysetup-bucket-allocator-block-size=33554432"
    "memorysetup-bucket-allocator-block-count=8"
    "memorysetup-main-allocator-block-size=16777216"
    "memorysetup-thread-allocator-block-size=16777216"
    "memorysetup-gfx-main-allocator-block-size=16777216"
    "memorysetup-gfx-thread-allocator-block-size=16777216"
    "memorysetup-cache-allocator-block-size=4194304"
    "memorysetup-typetree-allocator-block-size=2097152"
    "memorysetup-profiler-bucket-allocator-granularity=16"
    "memorysetup-profiler-bucket-allocator-bucket-count=8"
    "memorysetup-profiler-bucket-allocator-block-size=33554432"
    "memorysetup-profiler-bucket-allocator-block-count=8"
    "memorysetup-profiler-allocator-block-size=16777216"
    "memorysetup-profiler-editor-allocator-block-size=1048576"
    "memorysetup-temp-allocator-size-main=16777216"
    "memorysetup-job-temp-allocator-block-size=2097152"
    "memorysetup-job-temp-allocator-block-size-background=1048576"
    "memorysetup-job-temp-allocator-reduction-small-platforms=262144"
    "memorysetup-temp-allocator-size-background-worker=32768"
    "memorysetup-temp-allocator-size-job-worker=262144"
    "memorysetup-temp-allocator-size-preload-manager=33554432"
    "memorysetup-temp-allocator-size-nav-mesh-worker=65536"
    "memorysetup-temp-allocator-size-audio-worker=65536"
    "memorysetup-temp-allocator-size-cloud-worker=32768"
    "memorysetup-temp-allocator-size-gi-baking-worker=262144"
    "memorysetup-temp-allocator-size-gfx=262144"
Player connection [44732] Host "[IP] 192.168.0.16 [Port] 0 [Flags] 2 [Guid] 3631815397 [EditorId] 3631815397 [Version] 1048832 [Id] WindowsEditor(7,MSI) [Debug] 1 [PackageName] WindowsEditor [ProjectName] Editor" joined multi-casting on [225.0.0.222:54997]...

Player connection [44732] Host "[IP] 192.168.0.16 [Port] 0 [Flags] 2 [Guid] 3631815397 [EditorId] 3631815397 [Version] 1048832 [Id] WindowsEditor(7,MSI) [Debug] 1 [PackageName] WindowsEditor [ProjectName] Editor" joined alternative multi-casting on [225.0.0.222:34997]...

Refreshing native plugins compatible for Editor in 156.08 ms, found 3 plugins.
Preloading 0 native plugins for Editor in 0.00 ms.
Initialize engine version: 2021.3.18f1 (3129e69bc0c7)
[Subsystems] Discovering subsystems at path C:/Program Files/Unity/Hub/Editor/2021.3.18f1/Editor/Data/Resources/UnitySubsystems
[Subsystems] Discovering subsystems at path C:/Users/demon/Desktop/Repeat Project/repeat_project_p2/repeat-project-p2/Assets
GfxDevice: creating device client; threaded=0; jobified=0
Direct3D:
    Version:  Direct3D 11.0 [level 11.1]
    Renderer: NVIDIA GeForce RTX 3060 Laptop GPU (ID=0x2520)
    Vendor:   NVIDIA
    VRAM:     6009 MB
    Driver:   31.0.15.3623
Initialize mono
Mono path[0] = 'C:/Program Files/Unity/Hub/Editor/2021.3.18f1/Editor/Data/Managed'
Mono path[1] = 'C:/Program Files/Unity/Hub/Editor/2021.3.18f1/Editor/Data/MonoBleedingEdge/lib/mono/unityjit-win32'
Mono config path = 'C:/Program Files/Unity/Hub/Editor/2021.3.18f1/Editor/Data/MonoBleedingEdge/etc'
Using monoOptions --debugger-agent=transport=dt_socket,embedding=1,server=y,suspend=n,address=127.0.0.1:56048
Begin MonoManager ReloadAssembly
Registering precompiled unity dll's ...
Register platform support module: C:/Program Files/Unity/Hub/Editor/2021.3.18f1/Editor/Data/PlaybackEngines/WebGLSupport/UnityEditor.WebGL.Extensions.dll
Register platform support module: C:/Program Files/Unity/Hub/Editor/2021.3.18f1/Editor/Data/PlaybackEngines/WindowsStandaloneSupport/UnityEditor.WindowsStandalone.Extensions.dll
Registered in 0.013286 seconds.
Native extension for WindowsStandalone target not found
Native extension for WebGL target not found
Refreshing native plugins compatible for Editor in 153.11 ms, found 3 plugins.
Preloading 0 native plugins for Editor in 0.00 ms.
Mono: successfully reloaded assembly
- Completed reload, in  1.260 seconds
Domain Reload Profiling:
	ReloadAssembly (1261ms)
		BeginReloadAssembly (130ms)
			ExecutionOrderSort (0ms)
			DisableScriptedObjects (0ms)
			BackupInstance (0ms)
			ReleaseScriptingObjects (0ms)
			CreateAndSetChildDomain (1ms)
		EndReloadAssembly (879ms)
			LoadAssemblies (126ms)
			RebuildTransferFunctionScriptingTraits (0ms)
			SetupTypeCache (182ms)
			ReleaseScriptCaches (0ms)
			RebuildScriptCaches (51ms)
			SetupLoadedEditorAssemblies (557ms)
				LogAssemblyErrors (0ms)
				InitializePlatformSupportModulesInManaged (18ms)
				SetLoadedEditorAssemblies (0ms)
				RefreshPlugins (153ms)
				BeforeProcessingInitializeOnLoad (2ms)
				ProcessInitializeOnLoadAttributes (301ms)
				ProcessInitializeOnLoadMethodAttributes (82ms)
				AfterProcessingInitializeOnLoad (0ms)
				EditorAssembliesLoaded (0ms)
			ExecutionOrderSort2 (0ms)
			AwakeInstancesAfterBackupRestoration (0ms)
Platform modules already initialized, skipping
Registering precompiled user dll's ...
Registered in 0.009779 seconds.
Begin MonoManager ReloadAssembly
Symbol file LoadedFromMemory doesn't match image C:\Users\demon\Desktop\Repeat Project\repeat_project_p2\repeat-project-p2\Library\PackageCache\com.unity.visualscripting@1.8.0\Editor\VisualScripting.Core\Dependencies\YamlDotNet\Unity.VisualScripting.YamlDotNet.dll
Symbol file LoadedFromMemory doesn't match image C:\Users\demon\Desktop\Repeat Project\repeat_project_p2\repeat-project-p2\Library\PackageCache\com.unity.visualscripting@1.8.0\Editor\VisualScripting.Core\Dependencies\DotNetZip\Unity.VisualScripting.IonicZip.dll
Native extension for WindowsStandalone target not found
Native extension for WebGL target not found
Refreshing native plugins compatible for Editor in 0.81 ms, found 3 plugins.
Preloading 0 native plugins for Editor in 0.00 ms.
Mono: successfully reloaded assembly
- Completed reload, in  1.896 seconds
Domain Reload Profiling:
	ReloadAssembly (1897ms)
		BeginReloadAssembly (184ms)
			ExecutionOrderSort (0ms)
			DisableScriptedObjects (9ms)
			BackupInstance (0ms)
			ReleaseScriptingObjects (0ms)
			CreateAndSetChildDomain (34ms)
		EndReloadAssembly (1486ms)
			LoadAssemblies (146ms)
			RebuildTransferFunctionScriptingTraits (0ms)
			SetupTypeCache (460ms)
			ReleaseScriptCaches (1ms)
			RebuildScriptCaches (106ms)
			SetupLoadedEditorAssemblies (705ms)
				LogAssemblyErrors (0ms)
				InitializePlatformSupportModulesInManaged (13ms)
				SetLoadedEditorAssemblies (1ms)
				RefreshPlugins (1ms)
				BeforeProcessingInitializeOnLoad (128ms)
				ProcessInitializeOnLoadAttributes (502ms)
				ProcessInitializeOnLoadMethodAttributes (42ms)
				AfterProcessingInitializeOnLoad (18ms)
				EditorAssembliesLoaded (1ms)
			ExecutionOrderSort2 (0ms)
			AwakeInstancesAfterBackupRestoration (11ms)
Platform modules already initialized, skipping
========================================================================
Worker process is ready to serve import requests
Launched and connected shader compiler UnityShaderCompiler.exe after 0.14 seconds
Refreshing native plugins compatible for Editor in 1.46 ms, found 3 plugins.
Preloading 0 native plugins for Editor in 0.00 ms.
Unloading 3274 Unused Serialized files (Serialized files now loaded: 0)
Unloading 38 unused Assets / (383.9 KB). Loaded Objects now: 3758.
Memory consumption went from 144.1 MB to 143.7 MB.
Total: 8.758900 ms (FindLiveObjects: 0.566100 ms CreateObjectMapping: 0.319100 ms MarkObjects: 6.407100 ms  DeleteObjects: 1.463600 ms)

AssetImportParameters requested are different than current active one (requested -> active):
  custom:video-decoder-ogg-theora: a1e56fd34408186e4bbccfd4996cb3dc -> 
  custom:container-muxer-webm: aa71ff27fc2769a1b78a27578f13a17b -> 
  custom:container-demuxer-webm: 4f35f7cbe854078d1ac9338744f61a02 -> 
  custom:video-encoder-webm-vp8: eb34c28f22e8b96e1ab97ce403110664 -> 
  custom:video-codec-MediaFoundation-h265: 746d11721c4dcdbdad8f713fa42b33f4 -> 
  custom:audio-encoder-webm-vorbis: bf7c407c2cedff20999df2af8eb42d56 -> 
  custom:framework-win-MediaFoundation: 216162199b28c13a410421893ffa2e32 -> 
  custom:container-demuxer-ogg: 62fdf1f143b41e24485cea50d1cbac27 -> 
  custom:video-decoder-webm-vp8: 9c59270c3fd7afecdb556c50c9e8de78 -> 
  custom:audio-decoder-ogg-vorbis: bf7c407c2cedff20999df2af8eb42d56 -> 
========================================================================
Received Import Request.
  Time since last request: 1992564.629128 seconds.
  path: Assets/RoadArchitect/Mesh/Railing/Railing6Double20M.FBX
  artifactKey: Guid(556567e5a8383714dadadc48fcd2ab85) Importer(815301076,1909f56bfc062723c751e8b465ee728b)
Start importing Assets/RoadArchitect/Mesh/Railing/Railing6Double20M.FBX using Guid(556567e5a8383714dadadc48fcd2ab85) Importer(815301076,1909f56bfc062723c751e8b465ee728b)  -> (artifact id: 'bfbbc0c1247606d3e7138dc8c9d78b55') in 0.519370 seconds 
========================================================================
Received Import Request.
  Time since last request: 0.000080 seconds.
  path: Assets/RoadArchitect/Prefabs/Signs/InterTLB1.prefab
  artifactKey: Guid(3646dde3177f46e4791aec5ce9e5fc26) Importer(815301076,1909f56bfc062723c751e8b465ee728b)
Start importing Assets/RoadArchitect/Prefabs/Signs/InterTLB1.prefab using Guid(3646dde3177f46e4791aec5ce9e5fc26) Importer(815301076,1909f56bfc062723c751e8b465ee728b)  -> (artifact id: 'c5703a37a3f364afb6a9d22998b996b2') in 0.160693 seconds 
========================================================================
Received Import Request.
  Time since last request: 0.000068 seconds.
  path: Assets/RoadArchitect/Mesh/Bridges/SuspBridgeBase4Lanes40M.FBX
  artifactKey: Guid(ce7d91535480e9344a4be467e10d462d) Importer(815301076,1909f56bfc062723c751e8b465ee728b)
Start importing Assets/RoadArchitect/Mesh/Bridges/SuspBridgeBase4Lanes40M.FBX using Guid(ce7d91535480e9344a4be467e10d462d) Importer(815301076,1909f56bfc062723c751e8b465ee728b)  -> (artifact id: '087c4ddedf46e9ddd3d9296b941dca57') in 0.073744 seconds 
========================================================================
Received Import Request.
  Time since last request: 0.000052 seconds.
  path: Assets/RoadArchitect/Mesh/Railing/RailingBase1Cap.FBX
  artifactKey: Guid(963fe5c6460dfc14c936e6177450b7a7) Importer(815301076,1909f56bfc062723c751e8b465ee728b)
Start importing Assets/RoadArchitect/Mesh/Railing/RailingBase1Cap.FBX using Guid(963fe5c6460dfc14c936e6177450b7a7) Importer(815301076,1909f56bfc062723c751e8b465ee728b)  -> (artifact id: 'b48f5da48c903bc0ef77fd66310943dc') in 0.077021 seconds 
========================================================================
Received Import Request.
  Time since last request: 0.000050 seconds.
  path: Assets/RoadArchitect/Mesh/Bridges/BridgeBaseGrid-48w-5l-5d.FBX
  artifactKey: Guid(38165b17243e9d944a392b1b62733c31) Importer(815301076,1909f56bfc062723c751e8b465ee728b)
Start importing Assets/RoadArchitect/Mesh/Bridges/BridgeBaseGrid-48w-5l-5d.FBX using Guid(38165b17243e9d944a392b1b62733c31) Importer(815301076,1909f56bfc062723c751e8b465ee728b)  -> (artifact id: '5b8c82d3d7187fb1ca8b3b77091a6a50') in 0.069055 seconds 
========================================================================
Received Import Request.
  Time since last request: 0.000050 seconds.
  path: Assets/RoadArchitect/Mesh/Bridges/BridgeBase9On6LanesCap.FBX
  artifactKey: Guid(79e3b9cb36ad60f498892ea77f3629a7) Importer(815301076,1909f56bfc062723c751e8b465ee728b)
Start importing Assets/RoadArchitect/Mesh/Bridges/BridgeBase9On6LanesCap.FBX using Guid(79e3b9cb36ad60f498892ea77f3629a7) Importer(815301076,1909f56bfc062723c751e8b465ee728b)  -> (artifact id: '0e1125a09c6715743329d927f04604ef') in 0.084239 seconds 
========================================================================
Received Import Request.
  Time since last request: 0.000058 seconds.
  path: Assets/RoadArchitect/Mesh/Bridges/ArchBase24m.FBX
  artifactKey: Guid(ef07c6162b725134e908d3751e05da75) Importer(815301076,1909f56bfc062723c751e8b465ee728b)
Start importing Assets/RoadArchitect/Mesh/Bridges/ArchBase24m.FBX using Guid(ef07c6162b725134e908d3751e05da75) Importer(815301076,1909f56bfc062723c751e8b465ee728b)  -> (artifact id: '34956b65b0aad09c3d3544e007345da8') in 0.080446 seconds 
========================================================================
Received Import Request.
  Time since last request: 0.000056 seconds.
  path: Assets/RoadArchitect/Mesh/Bridges/BridgeBase3-18w-5l-5d.FBX
  artifactKey: Guid(185012a02bb67b146bcc2fbd052f35e6) Importer(815301076,1909f56bfc062723c751e8b465ee728b)
Start importing Assets/RoadArchitect/Mesh/Bridges/BridgeBase3-18w-5l-5d.FBX using Guid(185012a02bb67b146bcc2fbd052f35e6) Importer(815301076,1909f56bfc062723c751e8b465ee728b)  -> (artifact id: '99efcf1756ac572c8ebde49a83c7b9ce') in 0.074473 seconds 
========================================================================
Received Import Request.
  Time since last request: 0.000049 seconds.
  path: Assets/RoadArchitect/Mesh/Bridges/SuspBridgePillarSmall6Lanes.FBX
  artifactKey: Guid(f85ab7a93d8422c4683485f3ee03b582) Importer(815301076,1909f56bfc062723c751e8b465ee728b)
Start importing Assets/RoadArchitect/Mesh/Bridges/SuspBridgePillarSmall6Lanes.FBX using Guid(f85ab7a93d8422c4683485f3ee03b582) Importer(815301076,1909f56bfc062723c751e8b465ee728b)  -> (artifact id: '379d34ea7559ec9cf62ce5e3e3835c1e') in 0.086609 seconds 
========================================================================
Received Import Request.
  Time since last request: 0.000072 seconds.
  path: Assets/RoadArchitect/Mesh/Bridges/BridgeBase7On4Lanes40M.fbx
  artifactKey: Guid(b816eb916f4b77f4f9031e192217335a) Importer(815301076,1909f56bfc062723c751e8b465ee728b)
Start importing Assets/RoadArchitect/Mesh/Bridges/BridgeBase7On4Lanes40M.fbx using Guid(b816eb916f4b77f4f9031e192217335a) Importer(815301076,1909f56bfc062723c751e8b465ee728b)  -> (artifact id: '5c23d495745e8da21e2f5e1afa479eef') in 0.078298 seconds 
========================================================================
Received Import Request.
  Time since last request: 0.000063 seconds.
  path: Assets/RoadArchitect/Prefabs/Interactive/RoadBarrelStatic3.prefab
  artifactKey: Guid(2073fcde3e55897409984dc9b2b3a9ad) Importer(815301076,1909f56bfc062723c751e8b465ee728b)
Start importing Assets/RoadArchitect/Prefabs/Interactive/RoadBarrelStatic3.prefab using Guid(2073fcde3e55897409984dc9b2b3a9ad) Importer(815301076,1909f56bfc062723c751e8b465ee728b)  -> (artifact id: '8a0a824d3597aa132b4df857fcc0ddaa') in 0.079142 seconds 
========================================================================
Received Import Request.
  Time since last request: 0.000060 seconds.
  path: Assets/RoadArchitect/Mesh/Signs/SignRightTurnOnly.FBX
  artifactKey: Guid(7ff8767df4105c1499f32e2087eda476) Importer(815301076,1909f56bfc062723c751e8b465ee728b)
Start importing Assets/RoadArchitect/Mesh/Signs/SignRightTurnOnly.FBX using Guid(7ff8767df4105c1499f32e2087eda476) Importer(815301076,1909f56bfc062723c751e8b465ee728b)  -> (artifact id: 'bfd51da0f352c2bc629453c047e33bf8') in 0.104688 seconds 
========================================================================
Received Import Request.
  Time since last request: 0.000063 seconds.
  path: Assets/RoadArchitect/Mesh/Bridges/BridgePillar3On4Lanes.FBX
  artifactKey: Guid(19e0fdb9afe1fa5458a302c1b395c00e) Importer(815301076,1909f56bfc062723c751e8b465ee728b)
Start importing Assets/RoadArchitect/Mesh/Bridges/BridgePillar3On4Lanes.FBX using Guid(19e0fdb9afe1fa5458a302c1b395c00e) Importer(815301076,1909f56bfc062723c751e8b465ee728b)  -> (artifact id: '33a925c799f2e394133f9f7718b5fbd2') in 0.066176 seconds 
========================================================================
Received Import Request.
  Time since last request: 0.000077 seconds.
  path: Assets/RoadArchitect/Mesh/Railing/Railing5.fbx
  artifactKey: Guid(3e39c33efa9a75a4e97ac0c2c30cb4fc) Importer(815301076,1909f56bfc062723c751e8b465ee728b)
Start importing Assets/RoadArchitect/Mesh/Railing/Railing5.fbx using Guid(3e39c33efa9a75a4e97ac0c2c30cb4fc) Importer(815301076,1909f56bfc062723c751e8b465ee728b)  -> (artifact id: '9d670384f55abb17e767cf662d7ca4da') in 0.066413 seconds 
========================================================================
Received Import Request.
  Time since last request: 0.000053 seconds.
  path: Assets/RoadArchitect/Prefabs/Signs/YieldOnGreenSign.prefab
  artifactKey: Guid(2f41ac84934496d49ae9780f2f3ec00a) Importer(815301076,1909f56bfc062723c751e8b465ee728b)
Start importing Assets/RoadArchitect/Prefabs/Signs/YieldOnGreenSign.prefab using Guid(2f41ac84934496d49ae9780f2f3ec00a) Importer(815301076,1909f56bfc062723c751e8b465ee728b)  -> (artifact id: '84b16560a5a0a797ca2521bc0b311f9c') in 0.255893 seconds 
========================================================================
Received Import Request.
  Time since last request: 0.000045 seconds.
  path: Assets/RoadArchitect/Prefabs/RumbleStrip.prefab
  artifactKey: Guid(4c1f593789149ab49aaa5a36d36c7b05) Importer(815301076,1909f56bfc062723c751e8b465ee728b)
Start importing Assets/RoadArchitect/Prefabs/RumbleStrip.prefab using Guid(4c1f593789149ab49aaa5a36d36c7b05) Importer(815301076,1909f56bfc062723c751e8b465ee728b)  -> (artifact id: '155e56871d50cb0e02228fdb8ac7d250') in 0.184185 seconds 
========================================================================
Received Import Request.
  Time since last request: 0.000109 seconds.
  path: Assets/RoadArchitect/Mesh/Bridges/BridgeBaseGrid-28w-5l-5d.FBX
  artifactKey: Guid(da7b02ed6ee568546a8875654ba3ca7c) Importer(815301076,1909f56bfc062723c751e8b465ee728b)
Start importing Assets/RoadArchitect/Mesh/Bridges/BridgeBaseGrid-28w-5l-5d.FBX using Guid(da7b02ed6ee568546a8875654ba3ca7c) Importer(815301076,1909f56bfc062723c751e8b465ee728b)  -> (artifact id: 'c50d29fb18435d91d156d7b5778e7d04') in 0.078430 seconds 
========================================================================
Received Import Request.
  Time since last request: 0.000034 seconds.
  path: Assets/RoadArchitect/Mesh/Railing/Railing9.fbx
  artifactKey: Guid(52bc085d1571bb54f9717d1aeb655ecd) Importer(815301076,1909f56bfc062723c751e8b465ee728b)
Start importing Assets/RoadArchitect/Mesh/Railing/Railing9.fbx using Guid(52bc085d1571bb54f9717d1aeb655ecd) Importer(815301076,1909f56bfc062723c751e8b465ee728b)  -> (artifact id: '0fd2e0692af856fe554162cf33f19740') in 0.060504 seconds 
========================================================================
Received Import Request.
  Time since last request: 0.000041 seconds.
  path: Assets/RoadArchitect/Mesh/Bridges/SuspBridgeBase6Lanes.FBX
  artifactKey: Guid(bb0c5bac2f741d24abd44c049e7c4680) Importer(815301076,1909f56bfc062723c751e8b465ee728b)
Start importing Assets/RoadArchitect/Mesh/Bridges/SuspBridgeBase6Lanes.FBX using Guid(bb0c5bac2f741d24abd44c049e7c4680) Importer(815301076,1909f56bfc062723c751e8b465ee728b)  -> (artifact id: '8223a7d7f32c6b7ae73347a73d2616b4') in 0.067203 seconds 
========================================================================
Received Import Request.
  Time since last request: 0.000047 seconds.
  path: Assets/RoadArchitect/Prefabs/Railings/Railing7Pole10m.prefab
  artifactKey: Guid(1d00b08a65129bb4892b71565094099d) Importer(815301076,1909f56bfc062723c751e8b465ee728b)
Start importing Assets/RoadArchitect/Prefabs/Railings/Railing7Pole10m.prefab using Guid(1d00b08a65129bb4892b71565094099d) Importer(815301076,1909f56bfc062723c751e8b465ee728b)  -> (artifact id: '1217908f6841caa1c74b52cb7c3b9fd4') in 0.073784 seconds 
========================================================================
Received Import Request.
  Time since last request: 0.000050 seconds.
  path: Assets/RoadArchitect/Mesh/Bridges/BridgeTest2.FBX
  artifactKey: Guid(3df912e363d430b4d854741f2eff87d3) Importer(815301076,1909f56bfc062723c751e8b465ee728b)
Start importing Assets/RoadArchitect/Mesh/Bridges/BridgeTest2.FBX using Guid(3df912e363d430b4d854741f2eff87d3) Importer(815301076,1909f56bfc062723c751e8b465ee728b)  -> (artifact id: '48ef5e42e70f5c7a846d17bbe9c45de0') in 0.067966 seconds 
========================================================================
Received Import Request.
  Time since last request: 0.000038 seconds.
  path: Assets/RoadArchitect/Mesh/Signs/TrafficLight.fbx
  artifactKey: Guid(03821f42d9a93d34e85f60f448147567) Importer(815301076,1909f56bfc062723c751e8b465ee728b)
Start importing Assets/RoadArchitect/Mesh/Signs/TrafficLight.fbx using Guid(03821f42d9a93d34e85f60f448147567) Importer(815301076,1909f56bfc062723c751e8b465ee728b)  -> (artifact id: '67ba62425a5510280dce34545922b357') in 0.051312 seconds 
========================================================================
Received Import Request.
  Time since last request: 0.000041 seconds.
  path: Assets/RoadArchitect/Prefabs/Railings/Railing7With10m.prefab
  artifactKey: Guid(0b8e9860b85f40a4bb0ea114f87ea6e0) Importer(815301076,1909f56bfc062723c751e8b465ee728b)
Start importing Assets/RoadArchitect/Prefabs/Railings/Railing7With10m.prefab using Guid(0b8e9860b85f40a4bb0ea114f87ea6e0) Importer(815301076,1909f56bfc062723c751e8b465ee728b)  -> (artifact id: '9126cafe29ab26c9a78d90a47c249ac0') in 0.048130 seconds 
========================================================================
Received Import Request.
  Time since last request: 0.000036 seconds.
  path: Assets/RoadArchitect/Mesh/Bridges/BridgeBase3-28w-5l-5d.FBX
  artifactKey: Guid(9bc0890f0a0e142468ec940b432d9418) Importer(815301076,1909f56bfc062723c751e8b465ee728b)
Start importing Assets/RoadArchitect/Mesh/Bridges/BridgeBase3-28w-5l-5d.FBX using Guid(9bc0890f0a0e142468ec940b432d9418) Importer(815301076,1909f56bfc062723c751e8b465ee728b)  -> (artifact id: 'a224cc386824ae1c86fdc93faa94724e') in 0.059615 seconds 
========================================================================
Received Import Request.
  Time since last request: 0.000040 seconds.
  path: Assets/RoadArchitect/Mesh/Bridges/SuspBridgeBase4Lanes10M.FBX
  artifactKey: Guid(61acb0002c32d984a80292f91fb969ae) Importer(815301076,1909f56bfc062723c751e8b465ee728b)
Start importing Assets/RoadArchitect/Mesh/Bridges/SuspBridgeBase4Lanes10M.FBX using Guid(61acb0002c32d984a80292f91fb969ae) Importer(815301076,1909f56bfc062723c751e8b465ee728b)  -> (artifact id: '3ae4aef67d92df6187560dcbde779509') in 0.048290 seconds 
========================================================================
Received Import Request.
  Time since last request: 0.000055 seconds.
  path: Assets/RoadArchitect/Mesh/Bridges/SuspBridgeBase2Lanes10M.FBX
  artifactKey: Guid(2bdb0762972a7ee47965f0b31bbac536) Importer(815301076,1909f56bfc062723c751e8b465ee728b)
Start importing Assets/RoadArchitect/Mesh/Bridges/SuspBridgeBase2Lanes10M.FBX using Guid(2bdb0762972a7ee47965f0b31bbac536) Importer(815301076,1909f56bfc062723c751e8b465ee728b)  -> (artifact id: 'c06d5535427f29a3027142dc8e9d41e0') in 0.048241 seconds 
========================================================================
Received Import Request.
  Time since last request: 0.000036 seconds.
  path: Assets/RoadArchitect/Mesh/Signs/FedSigns/SignSquare.FBX
  artifactKey: Guid(7f0b02ca470686d4586720bcae3acf6e) Importer(815301076,1909f56bfc062723c751e8b465ee728b)
Start importing Assets/RoadArchitect/Mesh/Signs/FedSigns/SignSquare.FBX using Guid(7f0b02ca470686d4586720bcae3acf6e) Importer(815301076,1909f56bfc062723c751e8b465ee728b)  -> (artifact id: '46eeaf8b1e7774148066ede72fd96148') in 0.051617 seconds 
========================================================================
Received Import Request.
  Time since last request: 0.000090 seconds.
  path: Assets/RoadArchitect/Prefabs/Railings/Railing3Light20m.prefab
  artifactKey: Guid(2c883e469ce627b4e9a6e6cf2e3cb37e) Importer(815301076,1909f56bfc062723c751e8b465ee728b)
Start importing Assets/RoadArchitect/Prefabs/Railings/Railing3Light20m.prefab using Guid(2c883e469ce627b4e9a6e6cf2e3cb37e) Importer(815301076,1909f56bfc062723c751e8b465ee728b)  -> (artifact id: '4d31d5490f551349af72984a816b56fc') in 0.034087 seconds 
========================================================================
Received Import Request.
  Time since last request: 0.000034 seconds.
  path: Assets/RoadArchitect/Mesh/Bridges/BridgePillar1On4Lanes.FBX
  artifactKey: Guid(df03df48de8d3b149b091bb2362929fc) Importer(815301076,1909f56bfc062723c751e8b465ee728b)
Start importing Assets/RoadArchitect/Mesh/Bridges/BridgePillar1On4Lanes.FBX using Guid(df03df48de8d3b149b091bb2362929fc) Importer(815301076,1909f56bfc062723c751e8b465ee728b)  -> (artifact id: 'f5b67fd708094e0be3003b282e9755bc') in 0.070068 seconds 
========================================================================
Received Import Request.
  Time since last request: 0.000041 seconds.
  path: Assets/RoadArchitect/Mesh/Signs/SignStop.FBX
  artifactKey: Guid(9f047a4cfbb435e44b99bfbe48a26997) Importer(815301076,1909f56bfc062723c751e8b465ee728b)
Start importing Assets/RoadArchitect/Mesh/Signs/SignStop.FBX using Guid(9f047a4cfbb435e44b99bfbe48a26997) Importer(815301076,1909f56bfc062723c751e8b465ee728b)  -> (artifact id: 'e7e5f1bd232b33bdbc7e7249891d7627') in 0.038858 seconds 
========================================================================
Received Import Request.
  Time since last request: 0.000056 seconds.
  path: Assets/RoadArchitect/Mesh/Bridges/SuspBridgeBase2Lanes40M.FBX
  artifactKey: Guid(a06a4373fa506df41944ce04bf125657) Importer(815301076,1909f56bfc062723c751e8b465ee728b)
Start importing Assets/RoadArchitect/Mesh/Bridges/SuspBridgeBase2Lanes40M.FBX using Guid(a06a4373fa506df41944ce04bf125657) Importer(815301076,1909f56bfc062723c751e8b465ee728b)  -> (artifact id: '7bbcc96471aa57e3a9098eb7a0d5b7b8') in 0.063825 seconds 
========================================================================
Received Import Request.
  Time since last request: 0.000044 seconds.
  path: Assets/RoadArchitect/Mesh/Signs/FedSigns/Sign861.FBX
  artifactKey: Guid(769613293855ad443a9d551f58a86e52) Importer(815301076,1909f56bfc062723c751e8b465ee728b)
Start importing Assets/RoadArchitect/Mesh/Signs/FedSigns/Sign861.FBX using Guid(769613293855ad443a9d551f58a86e52) Importer(815301076,1909f56bfc062723c751e8b465ee728b)  -> (artifact id: '93fbbdfde566843a2fba3f9752ec480a') in 0.055490 seconds 
========================================================================
Received Import Request.
  Time since last request: 0.000042 seconds.
  path: Assets/RoadArchitect/Prefabs/Railings/RailingBase1.prefab
  artifactKey: Guid(1fc3dd999c2ef6d4e97281fe20c6e30c) Importer(815301076,1909f56bfc062723c751e8b465ee728b)
Start importing Assets/RoadArchitect/Prefabs/Railings/RailingBase1.prefab using Guid(1fc3dd999c2ef6d4e97281fe20c6e30c) Importer(815301076,1909f56bfc062723c751e8b465ee728b)  -> (artifact id: '595e2edc42327866113adda926909d52') in 0.072833 seconds 
========================================================================
Received Import Request.
  Time since last request: 0.000051 seconds.
  path: Assets/RoadArchitect/Mesh/Railing/Railing5Cap.fbx
  artifactKey: Guid(f28e0d46a4842494abfaa4da9b97fb2c) Importer(815301076,1909f56bfc062723c751e8b465ee728b)
Start importing Assets/RoadArchitect/Mesh/Railing/Railing5Cap.fbx using Guid(f28e0d46a4842494abfaa4da9b97fb2c) Importer(815301076,1909f56bfc062723c751e8b465ee728b)  -> (artifact id: '21049d65a784a112cce2cee922ac7d22') in 0.054034 seconds 
========================================================================
Received Import Request.
  Time since last request: 0.000066 seconds.
  path: Assets/RoadArchitect/Mesh/Railing/Railing8Cap.fbx
  artifactKey: Guid(2337035812bc56d40a357deea8e65d94) Importer(815301076,1909f56bfc062723c751e8b465ee728b)
Start importing Assets/RoadArchitect/Mesh/Railing/Railing8Cap.fbx using Guid(2337035812bc56d40a357deea8e65d94) Importer(815301076,1909f56bfc062723c751e8b465ee728b)  -> (artifact id: '8e29888937693c9d7ff5c09ef53a78b1') in 0.052412 seconds 
========================================================================
Received Import Request.
  Time since last request: 0.000030 seconds.
  path: Assets/RoadArchitect/Mesh/Sidewalk.FBX
  artifactKey: Guid(089eb7410c857644c92f9f43e63d117a) Importer(815301076,1909f56bfc062723c751e8b465ee728b)
Start importing Assets/RoadArchitect/Mesh/Sidewalk.FBX using Guid(089eb7410c857644c92f9f43e63d117a) Importer(815301076,1909f56bfc062723c751e8b465ee728b)  -> (artifact id: '93feaafd674a74faf1ef3d572cc8952e') in 0.047212 seconds 
========================================================================
Received Import Request.
  Time since last request: 0.000057 seconds.
  path: Assets/RoadArchitect/Mesh/Signs/FedSigns/Sign861Small.FBX
  artifactKey: Guid(f80c19c5b25b7a94fa2e825a9fe4601b) Importer(815301076,1909f56bfc062723c751e8b465ee728b)
Start importing Assets/RoadArchitect/Mesh/Signs/FedSigns/Sign861Small.FBX using Guid(f80c19c5b25b7a94fa2e825a9fe4601b) Importer(815301076,1909f56bfc062723c751e8b465ee728b)  -> (artifact id: 'f0bfa9a451ca8347e35c13733fab9996') in 0.048957 seconds 
========================================================================
Received Import Request.
  Time since last request: 0.000039 seconds.
  path: Assets/RoadArchitect/Mesh/Bridges/BridgeSuspensionPillar2Lanes.FBX
  artifactKey: Guid(ec512544f151d294c8314f5a816c75ce) Importer(815301076,1909f56bfc062723c751e8b465ee728b)
Start importing Assets/RoadArchitect/Mesh/Bridges/BridgeSuspensionPillar2Lanes.FBX using Guid(ec512544f151d294c8314f5a816c75ce) Importer(815301076,1909f56bfc062723c751e8b465ee728b)  -> (artifact id: 'bf66a6101426f1eb388800503fe0461d') in 0.054650 seconds 
========================================================================
Received Import Request.
  Time since last request: 0.000059 seconds.
  path: Assets/RoadArchitect/Mesh/Railing/Railing3.FBX
  artifactKey: Guid(a3608f1fec267b94f987ed70855d9066) Importer(815301076,1909f56bfc062723c751e8b465ee728b)
Start importing Assets/RoadArchitect/Mesh/Railing/Railing3.FBX using Guid(a3608f1fec267b94f987ed70855d9066) Importer(815301076,1909f56bfc062723c751e8b465ee728b)  -> (artifact id: 'cb4790028ab5e7a4c9f524eaf1ec156a') in 0.030336 seconds 
========================================================================
Received Import Request.
  Time since last request: 0.000051 seconds.
  path: Assets/RoadArchitect/Mesh/Bridges/BridgeBase-40w-5l-1d.FBX
  artifactKey: Guid(2f5e59a150f50ba4b85ee82686084e25) Importer(815301076,1909f56bfc062723c751e8b465ee728b)
Start importing Assets/RoadArchitect/Mesh/Bridges/BridgeBase-40w-5l-1d.FBX using Guid(2f5e59a150f50ba4b85ee82686084e25) Importer(815301076,1909f56bfc062723c751e8b465ee728b)  -> (artifact id: 'c6225122d01aa950446a156eef20b134') in 0.058139 seconds 
========================================================================
Received Import Request.
  Time since last request: 0.000036 seconds.
  path: Assets/RoadArchitect/Mesh/BarrierKRailCap.fbx
  artifactKey: Guid(e1fb0398fc4f44c48a87605a57325189) Importer(815301076,1909f56bfc062723c751e8b465ee728b)
Start importing Assets/RoadArchitect/Mesh/BarrierKRailCap.fbx using Guid(e1fb0398fc4f44c48a87605a57325189) Importer(815301076,1909f56bfc062723c751e8b465ee728b)  -> (artifact id: 'b47ced26082420f015c40cd92d32cae2') in 0.034981 seconds 
========================================================================
Received Import Request.
  Time since last request: 0.000073 seconds.
  path: Assets/RoadArchitect/Mesh/Bridges/SuspBridgeBase6Lanes40MCap.FBX
  artifactKey: Guid(c9cafa4001e16334782369b07a85b876) Importer(815301076,1909f56bfc062723c751e8b465ee728b)
Start importing Assets/RoadArchitect/Mesh/Bridges/SuspBridgeBase6Lanes40MCap.FBX using Guid(c9cafa4001e16334782369b07a85b876) Importer(815301076,1909f56bfc062723c751e8b465ee728b)  -> (artifact id: '7b4d2e3f8d3a7c2d34c657936b29178c') in 0.050793 seconds 
========================================================================
Received Import Request.
  Time since last request: 0.000044 seconds.
  path: Assets/RoadArchitect/Mesh/Railing/Railing3Cap.FBX
  artifactKey: Guid(68a6218e64410f54b8516fe474d29639) Importer(815301076,1909f56bfc062723c751e8b465ee728b)
Start importing Assets/RoadArchitect/Mesh/Railing/Railing3Cap.FBX using Guid(68a6218e64410f54b8516fe474d29639) Importer(815301076,1909f56bfc062723c751e8b465ee728b)  -> (artifact id: 'e7e8728a79b9300438018cd74edc69a3') in 0.050586 seconds 
========================================================================
Received Import Request.
  Time since last request: 0.000049 seconds.
  path: Assets/RoadArchitect/Mesh/Bridges/SuspCableHolder.fbx
  artifactKey: Guid(a6cec54027494cd499774106da25b029) Importer(815301076,1909f56bfc062723c751e8b465ee728b)
Start importing Assets/RoadArchitect/Mesh/Bridges/SuspCableHolder.fbx using Guid(a6cec54027494cd499774106da25b029) Importer(815301076,1909f56bfc062723c751e8b465ee728b)  -> (artifact id: 'd21053bb8f172e91ea4b6db5593fcf93') in 0.050363 seconds 
========================================================================
Received Import Request.
  Time since last request: 0.000050 seconds.
  path: Assets/RoadArchitect/Prefabs/Signs/TrafficLightLeftYield.prefab
  artifactKey: Guid(7c94b9f7651a9c94694ab39429fa9e26) Importer(815301076,1909f56bfc062723c751e8b465ee728b)
Start importing Assets/RoadArchitect/Prefabs/Signs/TrafficLightLeftYield.prefab using Guid(7c94b9f7651a9c94694ab39429fa9e26) Importer(815301076,1909f56bfc062723c751e8b465ee728b)  -> (artifact id: '3f862ab8d0d64adde3d37de88010d218') in 0.131509 seconds 
========================================================================
Received Import Request.
  Time since last request: 0.000036 seconds.
  path: Assets/RoadArchitect/Mesh/Bridges/FullArchMainBeam5m.FBX
  artifactKey: Guid(b4bbaf2564b96d94982816712d415eda) Importer(815301076,1909f56bfc062723c751e8b465ee728b)
Start importing Assets/RoadArchitect/Mesh/Bridges/FullArchMainBeam5m.FBX using Guid(b4bbaf2564b96d94982816712d415eda) Importer(815301076,1909f56bfc062723c751e8b465ee728b)  -> (artifact id: '3dfc5e07136db720e606e0f32bda44c9') in 0.050213 seconds 
========================================================================
Received Import Request.
  Time since last request: 0.000037 seconds.
  path: Assets/RoadArchitect/Mesh/Railing/Railing2.FBX
  artifactKey: Guid(c7a6fbd7c39f69145870a6fa88da376e) Importer(815301076,1909f56bfc062723c751e8b465ee728b)
Start importing Assets/RoadArchitect/Mesh/Railing/Railing2.FBX using Guid(c7a6fbd7c39f69145870a6fa88da376e) Importer(815301076,1909f56bfc062723c751e8b465ee728b)  -> (artifact id: '1cd1e25bb0ebf41f1d160efb8fb8f2cf') in 0.048413 seconds 
========================================================================
Received Import Request.
  Time since last request: 0.000039 seconds.
  path: Assets/RoadArchitect/Prefabs/Interactive/RoadConBarrelRigid.prefab
  artifactKey: Guid(4097460c3781a804488634f12e33a3ea) Importer(815301076,1909f56bfc062723c751e8b465ee728b)
Start importing Assets/RoadArchitect/Prefabs/Interactive/RoadConBarrelRigid.prefab using Guid(4097460c3781a804488634f12e33a3ea) Importer(815301076,1909f56bfc062723c751e8b465ee728b)  -> (artifact id: '3fd944bc446554b1269376cf1a631ee7') in 0.039394 seconds 
========================================================================
Received Import Request.
  Time since last request: 0.000118 seconds.
  path: Assets/RoadArchitect/Mesh/Bridges/BridgeBase6On2Lanes.FBX
  artifactKey: Guid(7298337b91ac09c43a08e5ab5add18d3) Importer(815301076,1909f56bfc062723c751e8b465ee728b)
Start importing Assets/RoadArchitect/Mesh/Bridges/BridgeBase6On2Lanes.FBX using Guid(7298337b91ac09c43a08e5ab5add18d3) Importer(815301076,1909f56bfc062723c751e8b465ee728b)  -> (artifact id: '6cc4f286978b770737a8d338d6d3c518') in 0.055708 seconds 
========================================================================
Received Import Request.
  Time since last request: 0.000042 seconds.
  path: Assets/RoadArchitect/Prefabs/Interactive/WarningSignStatic.prefab
  artifactKey: Guid(9ec7dcea655dfa441ae8a2a371ed0b42) Importer(815301076,1909f56bfc062723c751e8b465ee728b)
Start importing Assets/RoadArchitect/Prefabs/Interactive/WarningSignStatic.prefab using Guid(9ec7dcea655dfa441ae8a2a371ed0b42) Importer(815301076,1909f56bfc062723c751e8b465ee728b)  -> (artifact id: '154f0873de10925c8a7884e959535b41') in 0.094243 seconds 
========================================================================
Received Import Request.
  Time since last request: 0.000044 seconds.
  path: Assets/RoadArchitect/Mesh/Railing/RailingBase1.FBX
  artifactKey: Guid(c23de4c6b95e6234db332e526d8b9446) Importer(815301076,1909f56bfc062723c751e8b465ee728b)
Start importing Assets/RoadArchitect/Mesh/Railing/RailingBase1.FBX using Guid(c23de4c6b95e6234db332e526d8b9446) Importer(815301076,1909f56bfc062723c751e8b465ee728b)  -> (artifact id: '31a8d5e7369449abc1b4328eb1f0b456') in 0.034125 seconds 
========================================================================
Received Import Request.
  Time since last request: 0.000052 seconds.
  path: Assets/RoadArchitect/Mesh/Bridges/BridgeBase7On4Lanes.fbx
  artifactKey: Guid(0cc2f363e1f461b44ae9198d0216163e) Importer(815301076,1909f56bfc062723c751e8b465ee728b)
Start importing Assets/RoadArchitect/Mesh/Bridges/BridgeBase7On4Lanes.fbx using Guid(0cc2f363e1f461b44ae9198d0216163e) Importer(815301076,1909f56bfc062723c751e8b465ee728b)  -> (artifact id: 'bd57aa10b324c2b7fa25f211341d8baf') in 0.057270 seconds 
========================================================================
Received Import Request.
  Time since last request: 0.000073 seconds.
  path: Assets/RoadArchitect/Prefabs/Signs/DiamondCurveSign.prefab
  artifactKey: Guid(fd62f89c7487ff744bb624646ac4e767) Importer(815301076,1909f56bfc062723c751e8b465ee728b)
Start importing Assets/RoadArchitect/Prefabs/Signs/DiamondCurveSign.prefab using Guid(fd62f89c7487ff744bb624646ac4e767) Importer(815301076,1909f56bfc062723c751e8b465ee728b)  -> (artifact id: '7aff1858351c1eaba4d702e9cb101275') in 0.073287 seconds 
========================================================================
Received Import Request.
  Time since last request: 0.000063 seconds.
  path: Assets/RoadArchitect/Mesh/Signs/SignYieldOnGreen.FBX
  artifactKey: Guid(cdce4628eb99b05439f2e19a7e80a591) Importer(815301076,1909f56bfc062723c751e8b465ee728b)
Start importing Assets/RoadArchitect/Mesh/Signs/SignYieldOnGreen.FBX using Guid(cdce4628eb99b05439f2e19a7e80a591) Importer(815301076,1909f56bfc062723c751e8b465ee728b)  -> (artifact id: 'bcb0db8e1a06e8b5dd8d7d29e4ac764f') in 0.037623 seconds 
========================================================================
Received Import Request.
  Time since last request: 0.000046 seconds.
  path: Assets/RoadArchitect/Prefabs/Interactive/RoadBarrelStatic.prefab
  artifactKey: Guid(e5f375d51dccc394b99ef9a6bbeae308) Importer(815301076,1909f56bfc062723c751e8b465ee728b)
Start importing Assets/RoadArchitect/Prefabs/Interactive/RoadBarrelStatic.prefab using Guid(e5f375d51dccc394b99ef9a6bbeae308) Importer(815301076,1909f56bfc062723c751e8b465ee728b)  -> (artifact id: '7c80074cb4c6198e85b4d8b87b02794d') in 0.034769 seconds 
========================================================================
Received Import Request.
  Time since last request: 0.000044 seconds.
  path: Assets/RoadArchitect/Mesh/Railing/Railing4Light1.FBX
  artifactKey: Guid(628299d66a869f84b9202204a2eab242) Importer(815301076,1909f56bfc062723c751e8b465ee728b)
Start importing Assets/RoadArchitect/Mesh/Railing/Railing4Light1.FBX using Guid(628299d66a869f84b9202204a2eab242) Importer(815301076,1909f56bfc062723c751e8b465ee728b)  -> (artifact id: 'fd444b00a66034fb270a3f4891a1fa56') in 0.052890 seconds 
========================================================================
Received Import Request.
  Time since last request: 0.000042 seconds.
  path: Assets/RoadArchitect/Mesh/Railing/Railing6Double5M.fbx
  artifactKey: Guid(b7749d30cf6f23d469d4cc0e5b02ebed) Importer(815301076,1909f56bfc062723c751e8b465ee728b)
Start importing Assets/RoadArchitect/Mesh/Railing/Railing6Double5M.fbx using Guid(b7749d30cf6f23d469d4cc0e5b02ebed) Importer(815301076,1909f56bfc062723c751e8b465ee728b)  -> (artifact id: '5456a3c931c11f3e984cefd7d6dfdc04') in 0.059215 seconds 
========================================================================
Received Import Request.
  Time since last request: 0.000052 seconds.
  path: Assets/RoadArchitect/Prefabs/Signs/StreetLightDouble.prefab
  artifactKey: Guid(5dca5f7850e754f4ca3bc02af973d1ec) Importer(815301076,1909f56bfc062723c751e8b465ee728b)
Start importing Assets/RoadArchitect/Prefabs/Signs/StreetLightDouble.prefab using Guid(5dca5f7850e754f4ca3bc02af973d1ec) Importer(815301076,1909f56bfc062723c751e8b465ee728b)  -> (artifact id: '3dfed432e8711fbd87a41b92634f641a') in 0.035341 seconds 
========================================================================
Received Import Request.
  Time since last request: 0.000063 seconds.
  path: Assets/RoadArchitect/Mesh/Bridges/SteelBeamBase.FBX
  artifactKey: Guid(c4e2d45045a03704d8e4a87a6ad0244b) Importer(815301076,1909f56bfc062723c751e8b465ee728b)
Start importing Assets/RoadArchitect/Mesh/Bridges/SteelBeamBase.FBX using Guid(c4e2d45045a03704d8e4a87a6ad0244b) Importer(815301076,1909f56bfc062723c751e8b465ee728b)  -> (artifact id: '76dbf5a89f476c116fa2998707f41ee8') in 0.059209 seconds 
Editor requested this worker to shutdown with reason: Scaling down because of idle timeout
AssetImportWorkerClient::OnTransportError - code=2 error=End of file
AssetImportWorker is now disconnected from the server
Process exiting
Exiting without the bug reporter. Application will terminate with return code 0